INFO: run the subcommand : trimmomatic
INFO: using thread nums : 63
INFO: RabbitTrim: started with arguments: 
trimmomatic --PE --threads 128 --forward /mnt/data/project/2025_trimmomatic/trimmomatic_paper/raw/SRR7890824_1.fastq.gz --reverse /mnt/data/project/2025_trimmomatic/trimmomatic_paper/raw/SRR7890824_2.fastq.gz --output /mnt/data/project/2025_trimmomatic/trimmomatic_paper/analysis/rabbit_scaling/SRR7890824_RabbitTrim_128t_c6_out.gz --stats /mnt/data/project/2025_trimmomatic/trimmomatic_paper/logs/rabbit_scaling/SRR7890824_RabbitTrim_128t_c6.stats --steps ILLUMINACLIP:/mnt/bin/trimmomatic/Trimmomatic-0.40/adapters/TruSeq3-PE-2-GGGGG.fa:2:30:10 SLIDINGWINDOW:4:20 MINLEN:36 --compressLevel 6 
[1;31mDEBUG: ======== Thread Assign Result ======== [0m
[1;31mDEBUG: total thread num : 63[0m
[1;31mDEBUG: use pragzip: 1[0m
[1;31mDEBUG: pragzip thread num : 9[0m
[1;31mDEBUG: worker thread num : 29[0m
[1;31mDEBUG: use pigz: 1[0m
[1;31mDEBUG: pigz thread num : 25[0m
[1;31mDEBUG: ======== Thread Assign Result ======== [0m
./pragzip -c -d -P 5 /mnt/data/project/2025_trimmomatic/trimmomatic_paper/raw/SRR7890824_2.fastq.gz 
./pragzip -c -d -P 5 /mnt/data/project/2025_trimmomatic/trimmomatic_paper/raw/SRR7890824_1.fastq.gz 
INFO: Quality encoding detected as phred33
INFO: Using PrefixPair: 'TACACTCTTTCCCTACACGACGCTCTTCCGATCT' and 'GTGACTGGAGTTCAGACGTGTGCTCTTCCGATCT'
INFO: Using Long Clipping Sequence: 'TACACTCTTTCCCTACACGACGCTCTTCCGATCT'
INFO: Using Long Clipping Sequence: 'AGATCGGAAGAGCGTCGTGTAGGGAAAGAGTGTA'
INFO: Using Long Clipping Sequence: 'GTGACTGGAGTTCAGACGTGTGCTCTTCCGATCT'
INFO: Using Long Clipping Sequence: 'AGATCGGAAGAGCACACGTCTGAACTCCAGTCAC'
INFO: Using Long Clipping Sequence: 'GGGGGGGGGGGGGGGGGGGGGGGGGGGGGGGGGG'
INFO: ILLUMINACLIP: Using 1 prefix pairs, 5 forward/reverse sequences, 0 forward only sequences, 0 reverse only sequences
Input files have 60962 chunks 
Time: 1022.3 s
	Command being timed: "/mnt/bin/rabbittrim/RabbitTrim_v2.0.0/build/RabbitTrim trimmomatic --PE --threads 128 --forward /mnt/data/project/2025_trimmomatic/trimmomatic_paper/raw/SRR7890824_1.fastq.gz --reverse /mnt/data/project/2025_trimmomatic/trimmomatic_paper/raw/SRR7890824_2.fastq.gz --output /mnt/data/project/2025_trimmomatic/trimmomatic_paper/analysis/rabbit_scaling/SRR7890824_RabbitTrim_128t_c6_out.gz --stats /mnt/data/project/2025_trimmomatic/trimmomatic_paper/logs/rabbit_scaling/SRR7890824_RabbitTrim_128t_c6.stats --steps ILLUMINACLIP:/mnt/bin/trimmomatic/Trimmomatic-0.40/adapters/TruSeq3-PE-2-GGGGG.fa:2:30:10 SLIDINGWINDOW:4:20 MINLEN:36 --compressLevel 6"
	User time (seconds): 56579.58
	System time (seconds): 341.77
	Percent of CPU this job got: 5562%
	Elapsed (wall clock) time (h:mm:ss or m:ss): 17:03.30
	Average shared text size (kbytes): 0
	Average unshared data size (kbytes): 0
	Average stack size (kbytes): 0
	Average total size (kbytes): 0
	Maximum resident set size (kbytes): 7928188
	Average resident set size (kbytes): 0
	Major (requiring I/O) page faults: 124
	Minor (reclaiming a frame) page faults: 32605792
	Voluntary context switches: 1062496
	Involuntary context switches: 36735
	Swaps: 0
	File system inputs: 186274976
	File system outputs: 160849544
	Socket messages sent: 0
	Socket messages received: 0
	Signals delivered: 0
	Page size (bytes): 4096
	Exit status: 0
