TrimmomaticPE: Started with arguments:
 -threads 16 -compressLevel 6 /mnt/data/project/2025_trimmomatic/trimmomatic_paper/raw/SRR7890824_1.fastq.gz /mnt/data/project/2025_trimmomatic/trimmomatic_paper/raw/SRR7890824_2.fastq.gz /mnt/data/project/2025_trimmomatic/trimmomatic_paper/analysis/rabbit_scaling/SRR7890824_Trimmomatic_16t_c6_R1.fq.gz /mnt/data/project/2025_trimmomatic/trimmomatic_paper/analysis/rabbit_scaling/SRR7890824_Trimmomatic_16t_c6_R1_U.fq.gz /mnt/data/project/2025_trimmomatic/trimmomatic_paper/analysis/rabbit_scaling/SRR7890824_Trimmomatic_16t_c6_R2.fq.gz /mnt/data/project/2025_trimmomatic/trimmomatic_paper/analysis/rabbit_scaling/SRR7890824_Trimmomatic_16t_c6_R2_U.fq.gz ILLUMINACLIP:/mnt/bin/trimmomatic/Trimmomatic-0.40/adapters/TruSeq3-PE-2-GGGGG.fa:2:30:10 SLIDINGWINDOW:4:20 MINLEN:36
ILLUMINACLIP: Using adapter file from user-specified absolute path: /mnt/bin/trimmomatic/Trimmomatic-0.40/adapters/TruSeq3-PE-2-GGGGG.fa
Using PrefixPair: 'TACACTCTTTCCCTACACGACGCTCTTCCGATCT' and 'GTGACTGGAGTTCAGACGTGTGCTCTTCCGATCT'
Using Long Clipping Sequence: 'AGATCGGAAGAGCGTCGTGTAGGGAAAGAGTGTA'
Using Long Clipping Sequence: 'GGGGGGGGGGGGGGGGGGGGGGGGGGGGGGGGGG'
Using Long Clipping Sequence: 'AGATCGGAAGAGCACACGTCTGAACTCCAGTCAC'
Using Long Clipping Sequence: 'GTGACTGGAGTTCAGACGTGTGCTCTTCCGATCT'
Using Long Clipping Sequence: 'TACACTCTTTCCCTACACGACGCTCTTCCGATCT'
ILLUMINACLIP: Using 1 prefix pairs, 5 forward/reverse sequences, 0 forward only sequences, 0 reverse only sequences
Quality encoding detected as phred33
Input Read Pairs: 568040077 Both Surviving: 520683776 (91.66%) Forward Only Surviving: 36334492 (6.40%) Reverse Only Surviving: 5674942 (1.00%) Dropped: 5346867 (0.94%)
TrimmomaticPE: Completed successfully
	Command being timed: "java -jar /mnt/bin/trimmomatic/Trimmomatic-0.40/trimmomatic-0.40.jar PE -threads 16 -compressLevel 6 /mnt/data/project/2025_trimmomatic/trimmomatic_paper/raw/SRR7890824_1.fastq.gz /mnt/data/project/2025_trimmomatic/trimmomatic_paper/raw/SRR7890824_2.fastq.gz /mnt/data/project/2025_trimmomatic/trimmomatic_paper/analysis/rabbit_scaling/SRR7890824_Trimmomatic_16t_c6_R1.fq.gz /mnt/data/project/2025_trimmomatic/trimmomatic_paper/analysis/rabbit_scaling/SRR7890824_Trimmomatic_16t_c6_R1_U.fq.gz /mnt/data/project/2025_trimmomatic/trimmomatic_paper/analysis/rabbit_scaling/SRR7890824_Trimmomatic_16t_c6_R2.fq.gz /mnt/data/project/2025_trimmomatic/trimmomatic_paper/analysis/rabbit_scaling/SRR7890824_Trimmomatic_16t_c6_R2_U.fq.gz ILLUMINACLIP:/mnt/bin/trimmomatic/Trimmomatic-0.40/adapters/TruSeq3-PE-2-GGGGG.fa:2:30:10 SLIDINGWINDOW:4:20 MINLEN:36"
	User time (seconds): 40515.47
	System time (seconds): 1115.62
	Percent of CPU this job got: 1683%
	Elapsed (wall clock) time (h:mm:ss or m:ss): 41:12.80
	Average shared text size (kbytes): 0
	Average unshared data size (kbytes): 0
	Average stack size (kbytes): 0
	Average total size (kbytes): 0
	Maximum resident set size (kbytes): 22742280
	Average resident set size (kbytes): 0
	Major (requiring I/O) page faults: 2041
	Minor (reclaiming a frame) page faults: 75273163
	Voluntary context switches: 1655800
	Involuntary context switches: 54065
	Swaps: 0
	File system inputs: 0
	File system outputs: 159418168
	Socket messages sent: 0
	Socket messages received: 0
	Signals delivered: 0
	Page size (bytes): 4096
	Exit status: 0
