This is cutadapt 5.2 with Python 3.12.12
Command line parameters: -j 1 --compression-level=6 -a AGATCGGAAGAGCACACGTCTGAACTCCAGTCAC -a GGGGGGGGGGGGGGGGGGGGGGGGGGGGGGGGGG -A AGATCGGAAGAGCGTCGTGTAGGGAAAGAGTGTA -A GGGGGGGGGGGGGGGGGGGGGGGGGGGGGGGGGG -o /mnt/data/project/2025_trimmomatic/trimmomatic_paper/analysis/scaling_extended_v2/Human_Cutadapt_1t_R1.fq.gz -p /mnt/data/project/2025_trimmomatic/trimmomatic_paper/analysis/scaling_extended_v2/Human_Cutadapt_1t_R2.fq.gz /mnt/data/project/2025_trimmomatic/trimmomatic_paper/raw/SRR2052337_1.fastq.gz /mnt/data/project/2025_trimmomatic/trimmomatic_paper/raw/SRR2052337_2.fastq.gz
Processing paired-end reads on 1 core ...

=== Summary ===

Total read pairs processed:         36,423,926
  Read 1 with adapter:               1,556,692 (4.3%)
  Read 2 with adapter:               1,717,646 (4.7%)
Pairs written (passing filters):    36,423,926 (100.0%)

Total basepairs processed: 10,781,482,096 bp
  Read 1: 5,390,741,048 bp
  Read 2: 5,390,741,048 bp
Total written (filtered):  10,762,266,721 bp (99.8%)
  Read 1: 5,381,794,315 bp
  Read 2: 5,380,472,406 bp

=== First read: Adapter 1 ===

Sequence: AGATCGGAAGAGCACACGTCTGAACTCCAGTCAC; Type: regular 3'; Length: 34; Trimmed: 1096598 times

Minimum overlap: 3
No. of allowed errors:
1-9 bp: 0; 10-19 bp: 1; 20-29 bp: 2; 30-34 bp: 3

Bases preceding removed adapters:
  A: 30.0%
  C: 24.8%
  G: 23.6%
  T: 21.1%
  none/other: 0.5%

Overview of removed sequences
length	count	expect	max.err	error counts
3	771455	569123.8	0	771455
4	176440	142281.0	0	176440
5	32461	35570.2	0	32461
6	5463	8892.6	0	5463
7	3438	2223.1	0	3438
8	3139	555.8	0	3139
9	3515	138.9	0	3101 414
10	3673	34.7	1	3029 644
11	3222	8.7	1	2925 297
12	3090	2.2	1	2972 118
13	2882	0.5	1	2814 68
14	2712	0.1	1	2643 69
15	2624	0.0	1	2544 80
16	2618	0.0	1	2541 77
17	2662	0.0	1	2597 65
18	2630	0.0	1	2565 65
19	2362	0.0	1	2287 70 5
20	2525	0.0	2	2434 74 17
21	2316	0.0	2	2234 71 11
22	2354	0.0	2	2271 72 11
23	2247	0.0	2	2171 65 11
24	2214	0.0	2	2136 65 13
25	2173	0.0	2	2103 66 4
26	2028	0.0	2	1933 82 13
27	2020	0.0	2	1937 60 21 2
28	1950	0.0	2	1861 81 7 1
29	1932	0.0	2	1832 90 8 2
30	1741	0.0	3	1648 80 8 5
31	1816	0.0	3	1721 70 13 12
32	1789	0.0	3	1691 73 19 6
33	1673	0.0	3	1584 71 9 9
34	1636	0.0	3	1541 70 13 12
35	1630	0.0	3	1541 71 11 7
36	1487	0.0	3	1419 58 4 6
37	1544	0.0	3	1476 60 6 2
38	1435	0.0	3	1353 67 10 5
39	1386	0.0	3	1321 57 7 1
40	1298	0.0	3	1230 57 8 3
41	1309	0.0	3	1244 48 8 9
42	1232	0.0	3	1173 48 7 4
43	1228	0.0	3	1169 45 10 4
44	1092	0.0	3	1037 45 4 6
45	1123	0.0	3	1059 53 6 5
46	1049	0.0	3	991 48 8 2
47	1033	0.0	3	978 44 5 6
48	927	0.0	3	879 42 3 3
49	968	0.0	3	923 36 3 6
50	900	0.0	3	852 43 3 2
51	846	0.0	3	807 31 6 2
52	804	0.0	3	756 40 4 4
53	739	0.0	3	705 28 4 2
54	732	0.0	3	695 31 4 2
55	691	0.0	3	650 32 6 3
56	679	0.0	3	635 39 3 2
57	612	0.0	3	583 24 4 1
58	613	0.0	3	580 22 9 2
59	570	0.0	3	539 28 1 2
60	541	0.0	3	501 35 3 2
61	501	0.0	3	471 20 4 6
62	482	0.0	3	450 24 7 1
63	500	0.0	3	471 22 5 2
64	449	0.0	3	423 21 3 2
65	413	0.0	3	391 18 1 3
66	375	0.0	3	358 15 2
67	392	0.0	3	376 10 3 3
68	379	0.0	3	359 17 3
69	350	0.0	3	324 18 3 5
70	370	0.0	3	342 22 3 3
71	329	0.0	3	319 7 1 2
72	330	0.0	3	312 14 3 1
73	282	0.0	3	269 10 3
74	277	0.0	3	259 13 4 1
75	242	0.0	3	230 9 0 3
76	230	0.0	3	210 15 3 2
77	210	0.0	3	195 12 2 1
78	211	0.0	3	199 8 2 2
79	209	0.0	3	198 8 2 1
80	210	0.0	3	204 6
81	186	0.0	3	172 13 1
82	157	0.0	3	149 7 1
83	151	0.0	3	143 8
84	163	0.0	3	155 6 1 1
85	117	0.0	3	103 11 0 3
86	146	0.0	3	142 3 0 1
87	129	0.0	3	124 4 1
88	146	0.0	3	135 7 3 1
89	124	0.0	3	114 10
90	130	0.0	3	123 5 1 1
91	110	0.0	3	101 8 1
92	89	0.0	3	83 4 1 1
93	74	0.0	3	70 4
94	96	0.0	3	92 4
95	85	0.0	3	82 3
96	71	0.0	3	70 1
97	89	0.0	3	84 4 0 1
98	67	0.0	3	65 2
99	91	0.0	3	89 2
100	70	0.0	3	65 2 1 2
101	72	0.0	3	69 0 0 3
102	51	0.0	3	50 1
103	43	0.0	3	41 1 1
104	53	0.0	3	49 4
105	43	0.0	3	41 2
106	41	0.0	3	40 1
107	38	0.0	3	38
108	32	0.0	3	26 4 1 1
109	31	0.0	3	31
110	37	0.0	3	31 4 2
111	34	0.0	3	33 1
112	35	0.0	3	31 1 1 2
113	29	0.0	3	28 1
114	39	0.0	3	35 2 1 1
115	18	0.0	3	16 1 0 1
116	26	0.0	3	24 1 0 1
117	22	0.0	3	21 0 0 1
118	22	0.0	3	21 1
119	30	0.0	3	29 1
120	25	0.0	3	23 2
121	21	0.0	3	21
122	25	0.0	3	23 2
123	28	0.0	3	28
124	25	0.0	3	23 1 1
125	24	0.0	3	22 2
126	16	0.0	3	16
127	23	0.0	3	20 2 1
128	16	0.0	3	15 1
129	25	0.0	3	23 2
130	22	0.0	3	21 1
131	15	0.0	3	15
132	28	0.0	3	26 2
133	16	0.0	3	15 1
134	11	0.0	3	11
135	9	0.0	3	9
136	11	0.0	3	11
137	7	0.0	3	7
138	14	0.0	3	14
139	9	0.0	3	8 1
140	9	0.0	3	7 2
141	7	0.0	3	4 3
142	7	0.0	3	6 1
143	3	0.0	3	3
144	8	0.0	3	6 2
145	8	0.0	3	7 1
146	5	0.0	3	4 0 0 1
147	3	0.0	3	1 2
148	5182	0.0	3	45 4892 238 7


=== First read: Adapter 2 ===

Sequence: GGGGGGGGGGGGGGGGGGGGGGGGGGGGGGGGGG; Type: regular 3'; Length: 34; Trimmed: 460094 times

Minimum overlap: 3
No. of allowed errors:
1-9 bp: 0; 10-19 bp: 1; 20-29 bp: 2; 30-34 bp: 3

Bases preceding removed adapters:
  A: 37.1%
  C: 12.3%
  G: 0.0%
  T: 50.5%
  none/other: 0.0%

Overview of removed sequences
length	count	expect	max.err	error counts
3	339358	569123.8	0	339358
4	82839	142281.0	0	82839
5	20389	35570.2	0	20389
6	5054	8892.6	0	5054
7	1532	2223.1	0	1532
8	510	555.8	0	510
9	534	138.9	0	534
10	3796	34.7	1	346 3450
11	1551	8.7	1	142 1409
12	923	2.2	1	89 834
13	707	0.5	1	82 625
14	366	0.1	1	53 313
15	284	0.0	1	37 247
16	180	0.0	1	34 146
17	118	0.0	1	12 106
18	68	0.0	1	12 56
19	49	0.0	1	11 38
20	156	0.0	2	5 31 120
21	147	0.0	2	9 19 119
22	99	0.0	2	3 19 77
23	77	0.0	2	2 11 64
24	60	0.0	2	2 11 47
25	37	0.0	2	2 6 29
26	41	0.0	2	2 6 33
27	24	0.0	2	3 6 15
28	11	0.0	2	1 2 8
29	15	0.0	2	2 2 11
30	39	0.0	3	0 1 10 28
31	35	0.0	3	0 5 3 27
32	39	0.0	3	1 2 6 30
33	24	0.0	3	1 7 9 7
34	22	0.0	3	2 3 4 13
35	24	0.0	3	1 4 9 10
36	27	0.0	3	1 3 12 11
37	23	0.0	3	3 7 7 6
38	26	0.0	3	2 9 3 12
39	15	0.0	3	3 5 3 4
40	23	0.0	3	6 6 3 8
41	21	0.0	3	1 4 9 7
42	18	0.0	3	3 1 7 7
43	35	0.0	3	6 6 6 17
44	13	0.0	3	0 3 3 7
45	15	0.0	3	3 1 3 8
46	11	0.0	3	1 1 1 8
47	20	0.0	3	1 5 6 8
48	17	0.0	3	4 2 5 6
49	10	0.0	3	2 2 1 5
50	14	0.0	3	2 1 4 7
51	18	0.0	3	1 4 3 10
52	17	0.0	3	2 2 7 6
53	24	0.0	3	2 5 11 6
54	8	0.0	3	0 0 4 4
55	16	0.0	3	5 3 5 3
56	18	0.0	3	2 4 5 7
57	10	0.0	3	4 0 3 3
58	19	0.0	3	3 2 4 10
59	16	0.0	3	4 2 3 7
60	8	0.0	3	1 1 1 5
61	15	0.0	3	1 5 3 6
62	10	0.0	3	0 2 3 5
63	11	0.0	3	0 3 2 6
64	11	0.0	3	3 0 4 4
65	11	0.0	3	0 2 5 4
66	15	0.0	3	1 1 8 5
67	15	0.0	3	2 4 2 7
68	9	0.0	3	2 2 3 2
69	14	0.0	3	1 4 5 4
70	10	0.0	3	1 2 2 5
71	13	0.0	3	1 3 6 3
72	12	0.0	3	1 2 0 9
73	8	0.0	3	0 1 1 6
74	8	0.0	3	1 1 1 5
75	17	0.0	3	4 3 6 4
76	10	0.0	3	3 1 2 4
77	12	0.0	3	0 3 2 7
78	13	0.0	3	2 0 6 5
79	10	0.0	3	2 1 0 7
80	5	0.0	3	2 0 1 2
81	12	0.0	3	3 3 2 4
82	12	0.0	3	1 2 1 8
83	4	0.0	3	1 0 0 3
84	9	0.0	3	3 1 3 2
85	6	0.0	3	3 0 1 2
86	5	0.0	3	1 2 1 1
87	9	0.0	3	1 1 3 4
88	4	0.0	3	0 1 1 2
89	7	0.0	3	0 2 2 3
90	8	0.0	3	2 2 1 3
91	6	0.0	3	2 0 2 2
92	4	0.0	3	0 2 0 2
93	4	0.0	3	0 0 2 2
94	8	0.0	3	2 1 2 3
95	15	0.0	3	0 2 5 8
96	4	0.0	3	1 1 0 2
97	7	0.0	3	1 1 1 4
98	8	0.0	3	0 0 3 5
99	8	0.0	3	2 2 1 3
100	8	0.0	3	1 0 1 6
101	5	0.0	3	1 0 1 3
102	7	0.0	3	1 2 1 3
103	10	0.0	3	0 2 3 5
104	8	0.0	3	2 1 2 3
105	8	0.0	3	2 4 0 2
106	6	0.0	3	1 1 2 2
107	14	0.0	3	0 3 8 3
108	6	0.0	3	0 1 3 2
109	4	0.0	3	1 1 0 2
110	10	0.0	3	0 4 2 4
111	9	0.0	3	3 3 3
112	3	0.0	3	0 0 2 1
113	4	0.0	3	1 0 2 1
114	3	0.0	3	0 0 2 1
115	4	0.0	3	1 1 1 1
116	4	0.0	3	0 0 1 3
117	4	0.0	3	1 2 0 1
118	5	0.0	3	1 1 2 1
119	5	0.0	3	1 2 0 2
120	1	0.0	3	0 0 0 1
121	5	0.0	3	1 1 2 1
122	3	0.0	3	1 1 0 1
123	4	0.0	3	1 2 1
124	6	0.0	3	0 2 3 1
125	1	0.0	3	1
126	1	0.0	3	0 1
127	4	0.0	3	1 0 1 2
128	3	0.0	3	1 0 2
129	3	0.0	3	0 1 0 2
130	2	0.0	3	0 0 0 2
131	2	0.0	3	0 0 1 1
133	3	0.0	3	0 0 2 1
135	1	0.0	3	0 0 1
136	1	0.0	3	0 1
140	1	0.0	3	0 1
142	1	0.0	3	0 1
143	2	0.0	3	1 0 0 1
148	4	0.0	3	3 0 0 1


=== Second read: Adapter 3 ===

Sequence: AGATCGGAAGAGCGTCGTGTAGGGAAAGAGTGTA; Type: regular 3'; Length: 34; Trimmed: 1154390 times

Minimum overlap: 3
No. of allowed errors:
1-9 bp: 0; 10-19 bp: 1; 20-29 bp: 2; 30-34 bp: 3

Bases preceding removed adapters:
  A: 30.9%
  C: 24.3%
  G: 24.2%
  T: 20.5%
  none/other: 0.0%

Overview of removed sequences
length	count	expect	max.err	error counts
3	816958	569123.8	0	816958
4	180595	142281.0	0	180595
5	33453	35570.2	0	33453
6	6066	8892.6	0	6066
7	3846	2223.1	0	3846
8	3482	555.8	0	3482
9	3899	138.9	0	3390 509
10	4123	34.7	1	3307 816
11	3661	8.7	1	3169 492
12	3507	2.2	1	3215 292
13	3185	0.5	1	2999 186
14	3060	0.1	1	2875 185
15	2901	0.0	1	2700 201
16	2856	0.0	1	2700 156
17	2882	0.0	1	2730 152
18	2835	0.0	1	2657 178
19	2620	0.0	1	2433 182 5
20	2783	0.0	2	2509 184 90
21	2575	0.0	2	2337 144 94
22	2612	0.0	2	2377 157 78
23	2507	0.0	2	2245 160 102
24	2447	0.0	2	2220 147 80
25	2384	0.0	2	2173 135 76
26	2232	0.0	2	2010 141 81
27	2210	0.0	2	2006 128 76
28	2153	0.0	2	1937 138 78
29	2082	0.0	2	1889 118 68 7
30	1950	0.0	3	1711 124 58 57
31	1995	0.0	3	1655 207 73 60
32	1950	0.0	3	1697 149 53 51
33	1829	0.0	3	1583 126 64 56
34	1781	0.0	3	1554 118 57 52
35	1799	0.0	3	1579 123 51 46
36	1642	0.0	3	1419 121 62 40
37	1683	0.0	3	1455 140 47 41
38	1593	0.0	3	1390 92 54 57
39	1521	0.0	3	1354 92 45 30
40	1448	0.0	3	1229 119 52 48
41	1458	0.0	3	1270 92 55 41
42	1352	0.0	3	1174 97 46 35
43	1348	0.0	3	1177 101 43 27
44	1216	0.0	3	1057 75 39 45
45	1233	0.0	3	1070 89 42 32
46	1187	0.0	3	1024 70 47 46
47	1173	0.0	3	1001 92 43 37
48	1052	0.0	3	905 74 44 29
49	1097	0.0	3	936 83 48 30
50	1002	0.0	3	862 72 37 31
51	960	0.0	3	825 71 38 26
52	894	0.0	3	784 54 23 33
53	858	0.0	3	713 65 31 49
54	815	0.0	3	695 58 32 30
55	771	0.0	3	668 54 27 22
56	776	0.0	3	660 47 33 36
57	690	0.0	3	595 48 22 25
58	698	0.0	3	596 51 25 26
59	635	0.0	3	553 37 27 18
60	607	0.0	3	511 54 18 24
61	579	0.0	3	478 51 22 28
62	558	0.0	3	478 39 24 17
63	566	0.0	3	489 42 16 19
64	508	0.0	3	424 33 20 31
65	469	0.0	3	396 40 14 19
66	431	0.0	3	364 34 17 16
67	438	0.0	3	375 25 16 22
68	428	0.0	3	370 22 21 15
69	416	0.0	3	338 34 17 27
70	425	0.0	3	356 35 24 10
71	396	0.0	3	324 33 15 24
72	380	0.0	3	325 27 10 18
73	324	0.0	3	274 22 12 16
74	307	0.0	3	266 16 12 13
75	277	0.0	3	229 26 15 7
76	258	0.0	3	221 16 11 10
77	238	0.0	3	191 21 13 13
78	238	0.0	3	211 8 11 8
79	246	0.0	3	204 24 5 13
80	237	0.0	3	199 23 10 5
81	204	0.0	3	178 9 10 7
82	184	0.0	3	145 20 11 8
83	175	0.0	3	154 6 8 7
84	176	0.0	3	153 10 8 5
85	131	0.0	3	109 11 4 7
86	166	0.0	3	141 7 10 8
87	141	0.0	3	122 9 4 6
88	158	0.0	3	134 14 4 6
89	139	0.0	3	122 7 4 6
90	139	0.0	3	120 12 4 3
91	117	0.0	3	99 10 6 2
92	97	0.0	3	84 6 2 5
93	76	0.0	3	68 5 2 1
94	99	0.0	3	91 5 1 2
95	88	0.0	3	79 8 0 1
96	78	0.0	3	62 9 5 2
97	92	0.0	3	72 13 4 3
98	70	0.0	3	57 8 2 3
99	96	0.0	3	77 15 2 2
100	77	0.0	3	67 4 3 3
101	73	0.0	3	64 3 5 1
102	56	0.0	3	48 6 0 2
103	43	0.0	3	38 3 0 2
104	54	0.0	3	47 4 2 1
105	44	0.0	3	34 8 1 1
106	43	0.0	3	34 7 2
107	39	0.0	3	30 6 2 1
108	30	0.0	3	24 2 3 1
109	34	0.0	3	25 3 4 2
110	38	0.0	3	28 8 2
111	36	0.0	3	25 10 1
112	34	0.0	3	31 2 0 1
113	27	0.0	3	23 1 2 1
114	39	0.0	3	34 2 0 3
115	18	0.0	3	15 2 1
116	25	0.0	3	24 1
117	23	0.0	3	16 3 2 2
118	22	0.0	3	18 4
119	31	0.0	3	23 6 1 1
120	27	0.0	3	17 6 2 2
121	21	0.0	3	19 2
122	26	0.0	3	20 6
123	28	0.0	3	24 3 0 1
124	24	0.0	3	13 9 2
125	22	0.0	3	20 2
126	17	0.0	3	15 1 0 1
127	22	0.0	3	19 3
128	15	0.0	3	8 6 1
129	24	0.0	3	17 6 1
130	23	0.0	3	20 3
131	15	0.0	3	11 4
132	26	0.0	3	18 6 2
133	16	0.0	3	6 10
134	11	0.0	3	8 3
135	9	0.0	3	5 4
136	11	0.0	3	7 4
137	8	0.0	3	4 3 1
138	15	0.0	3	11 4
139	9	0.0	3	3 6
140	7	0.0	3	3 4
141	5	0.0	3	1 4
142	6	0.0	3	2 4
143	4	0.0	3	0 3 0 1
144	8	0.0	3	2 5 1
145	8	0.0	3	5 3
146	4	0.0	3	0 3 1
147	1	0.0	3	0 1
148	120	0.0	3	34 13 16 57


=== Second read: Adapter 4 ===

Sequence: GGGGGGGGGGGGGGGGGGGGGGGGGGGGGGGGGG; Type: regular 3'; Length: 34; Trimmed: 563256 times

Minimum overlap: 3
No. of allowed errors:
1-9 bp: 0; 10-19 bp: 1; 20-29 bp: 2; 30-34 bp: 3

Bases preceding removed adapters:
  A: 38.5%
  C: 15.0%
  G: 0.0%
  T: 46.5%
  none/other: 0.0%

Overview of removed sequences
length	count	expect	max.err	error counts
3	373962	569123.8	0	373962
4	102370	142281.0	0	102370
5	29918	35570.2	0	29918
6	10285	8892.6	0	10285
7	3845	2223.1	0	3845
8	1836	555.8	0	1836
9	1192	138.9	0	1192
10	6911	34.7	1	908 6003
11	4581	8.7	1	647 3934
12	3042	2.2	1	504 2538
13	2186	0.5	1	337 1849
14	1537	0.1	1	273 1264
15	1051	0.0	1	178 873
16	773	0.0	1	113 660
17	604	0.0	1	114 490
18	375	0.0	1	86 289
19	293	0.0	1	63 230
20	893	0.0	2	66 172 655
21	745	0.0	2	49 116 580
22	598	0.0	2	40 106 452
23	500	0.0	2	33 81 386
24	380	0.0	2	24 83 273
25	300	0.0	2	20 51 229
26	240	0.0	2	11 40 189
27	170	0.0	2	11 35 124
28	116	0.0	2	11 24 81
29	105	0.0	2	12 23 70
30	329	0.0	3	13 19 49 248
31	263	0.0	3	10 24 47 182
32	229	0.0	3	7 22 26 174
33	359	0.0	3	32 69 107 151
34	272	0.0	3	30 49 84 109
35	240	0.0	3	30 42 74 94
36	259	0.0	3	34 53 74 98
37	222	0.0	3	28 44 66 84
38	219	0.0	3	33 44 59 83
39	212	0.0	3	27 41 60 84
40	201	0.0	3	29 46 54 72
41	199	0.0	3	30 47 56 66
42	167	0.0	3	31 36 38 62
43	162	0.0	3	26 28 40 68
44	168	0.0	3	29 35 48 56
45	176	0.0	3	24 38 36 78
46	159	0.0	3	24 38 47 50
47	139	0.0	3	33 27 34 45
48	144	0.0	3	30 35 42 37
49	139	0.0	3	27 24 44 44
50	132	0.0	3	22 30 35 45
51	143	0.0	3	29 26 37 51
52	138	0.0	3	32 26 41 39
53	122	0.0	3	26 18 30 48
54	151	0.0	3	27 36 38 50
55	97	0.0	3	18 21 25 33
56	123	0.0	3	23 28 34 38
57	119	0.0	3	19 24 28 48
58	104	0.0	3	31 19 22 32
59	109	0.0	3	20 30 25 34
60	109	0.0	3	25 18 24 42
61	122	0.0	3	18 36 21 47
62	129	0.0	3	24 21 39 45
63	101	0.0	3	20 22 29 30
64	105	0.0	3	23 31 22 29
65	130	0.0	3	22 28 34 46
66	133	0.0	3	26 26 32 49
67	117	0.0	3	23 17 33 44
68	133	0.0	3	22 24 48 39
69	115	0.0	3	32 18 25 40
70	129	0.0	3	23 28 32 46
71	133	0.0	3	20 28 33 52
72	144	0.0	3	32 34 38 40
73	141	0.0	3	29 29 43 40
74	156	0.0	3	31 35 39 51
75	118	0.0	3	30 25 36 27
76	129	0.0	3	24 27 33 45
77	133	0.0	3	28 40 26 39
78	129	0.0	3	35 27 32 35
79	146	0.0	3	25 27 42 52
80	123	0.0	3	29 27 39 28
81	125	0.0	3	28 30 35 32
82	120	0.0	3	25 22 28 45
83	123	0.0	3	21 24 33 45
84	111	0.0	3	26 23 23 39
85	131	0.0	3	21 27 34 49
86	114	0.0	3	26 28 29 31
87	152	0.0	3	37 32 35 48
88	157	0.0	3	32 37 31 57
89	131	0.0	3	27 28 42 34
90	149	0.0	3	31 31 30 57
91	139	0.0	3	30 23 34 52
92	163	0.0	3	24 36 46 57
93	153	0.0	3	31 42 37 43
94	167	0.0	3	45 35 46 41
95	160	0.0	3	39 42 33 46
96	139	0.0	3	43 36 33 27
97	140	0.0	3	26 36 34 44
98	148	0.0	3	40 29 39 40
99	165	0.0	3	46 40 23 56
100	125	0.0	3	35 28 34 28
101	129	0.0	3	42 22 30 35
102	103	0.0	3	35 26 19 23
103	142	0.0	3	43 32 32 35
104	102	0.0	3	31 16 24 31
105	119	0.0	3	32 26 17 44
106	117	0.0	3	36 26 28 27
107	120	0.0	3	43 28 28 21
108	125	0.0	3	33 27 30 35
109	121	0.0	3	34 28 35 24
110	149	0.0	3	42 28 38 41
111	93	0.0	3	26 16 19 32
112	69	0.0	3	13 19 16 21
113	107	0.0	3	43 22 21 21
114	92	0.0	3	20 25 24 23
115	97	0.0	3	36 22 15 24
116	96	0.0	3	26 25 20 25
117	70	0.0	3	26 13 15 16
118	53	0.0	3	12 10 13 18
119	47	0.0	3	19 9 9 10
120	45	0.0	3	16 8 5 16
121	54	0.0	3	11 13 14 16
122	37	0.0	3	10 13 6 8
123	51	0.0	3	17 12 7 15
124	40	0.0	3	9 14 4 13
125	83	0.0	3	33 16 16 18
126	29	0.0	3	11 6 5 7
127	37	0.0	3	7 8 8 14
128	76	0.0	3	27 16 17 16
129	41	0.0	3	14 7 9 11
130	59	0.0	3	22 8 12 17
131	28	0.0	3	8 7 4 9
132	30	0.0	3	7 3 12 8
133	55	0.0	3	21 7 14 13
134	18	0.0	3	6 4 5 3
135	34	0.0	3	11 9 5 9
136	65	0.0	3	19 18 13 15
137	70	0.0	3	27 16 15 12
138	35	0.0	3	9 8 10 8
139	25	0.0	3	6 6 7 6
140	32	0.0	3	13 5 3 11
141	21	0.0	3	8 5 3 5
142	30	0.0	3	8 6 6 10
143	94	0.0	3	34 24 19 17
144	67	0.0	3	23 16 17 11
145	106	0.0	3	36 36 18 16
146	72	0.0	3	23 11 19 19
147	45	0.0	3	23 12 6 4
148	135	0.0	3	47 29 22 37
	Command being timed: "cutadapt -j 1 --compression-level=6 -a AGATCGGAAGAGCACACGTCTGAACTCCAGTCAC -a GGGGGGGGGGGGGGGGGGGGGGGGGGGGGGGGGG -A AGATCGGAAGAGCGTCGTGTAGGGAAAGAGTGTA -A GGGGGGGGGGGGGGGGGGGGGGGGGGGGGGGGGG -o /mnt/data/project/2025_trimmomatic/trimmomatic_paper/analysis/scaling_extended_v2/Human_Cutadapt_1t_R1.fq.gz -p /mnt/data/project/2025_trimmomatic/trimmomatic_paper/analysis/scaling_extended_v2/Human_Cutadapt_1t_R2.fq.gz /mnt/data/project/2025_trimmomatic/trimmomatic_paper/raw/SRR2052337_1.fastq.gz /mnt/data/project/2025_trimmomatic/trimmomatic_paper/raw/SRR2052337_2.fastq.gz"
	User time (seconds): 1128.91
	System time (seconds): 7.71
	Percent of CPU this job got: 99%
	Elapsed (wall clock) time (h:mm:ss or m:ss): 19:00.55
	Average shared text size (kbytes): 0
	Average unshared data size (kbytes): 0
	Average stack size (kbytes): 0
	Average total size (kbytes): 0
	Maximum resident set size (kbytes): 27880
	Average resident set size (kbytes): 0
	Major (requiring I/O) page faults: 0
	Minor (reclaiming a frame) page faults: 5047
	Voluntary context switches: 1899
	Involuntary context switches: 4087
	Swaps: 0
	File system inputs: 0
	File system outputs: 16320392
	Socket messages sent: 0
	Socket messages received: 0
	Signals delivered: 0
	Page size (bytes): 4096
	Exit status: 0
