java -ea  --add-modules jdk.incubator.vector -Xmx20g -Xms20g -cp /mnt/bin/bbmap/bbmap-v39.52-conda/opt/bbmap-39.52-0/current/ jgi.BBDuk -Xmx20g threads=80 ordered=f in=/mnt/data/project/2025_trimmomatic/trimmomatic_paper/raw/SRR2052337_1.fastq.gz in2=/mnt/data/project/2025_trimmomatic/trimmomatic_paper/raw/SRR2052337_2.fastq.gz out=/mnt/data/project/2025_trimmomatic/trimmomatic_paper/analysis/scaling/Human_BBDuk_80t_R1.fq.gz out2=/mnt/data/project/2025_trimmomatic/trimmomatic_paper/analysis/scaling/Human_BBDuk_80t_R2.fq.gz ref=/mnt/bin/trimmomatic/Trimmomatic-0.40/adapters/TruSeq3-PE-2-GGGGG.fa ktrim=r k=23 mink=11 hdist=1 tpe tbo
WARNING: Using incubator modules: jdk.incubator.vector
Executing jgi.BBDuk [-Xmx20g, threads=80, ordered=f, in=/mnt/data/project/2025_trimmomatic/trimmomatic_paper/raw/SRR2052337_1.fastq.gz, in2=/mnt/data/project/2025_trimmomatic/trimmomatic_paper/raw/SRR2052337_2.fastq.gz, out=/mnt/data/project/2025_trimmomatic/trimmomatic_paper/analysis/scaling/Human_BBDuk_80t_R1.fq.gz, out2=/mnt/data/project/2025_trimmomatic/trimmomatic_paper/analysis/scaling/Human_BBDuk_80t_R2.fq.gz, ref=/mnt/bin/trimmomatic/Trimmomatic-0.40/adapters/TruSeq3-PE-2-GGGGG.fa, ktrim=r, k=23, mink=11, hdist=1, tpe, tbo]
Version 39.52

maskMiddle was disabled because useShortKmers=true
Allocating kmer table: 	0.036 seconds.
Initial:
Memory: max=21474m, total=21474m, free=21381m, used=93m

Added 4663 kmers; time: 	0.072 seconds.
Memory: max=21474m, total=21474m, free=21305m, used=169m

Input is being processed as paired
Started output streams:	0.106 seconds.
Processing time:   		63.244 seconds.

Input:                  	72847852 reads 		10781482096 bases.
KTrimmed:               	434508 reads (0.60%) 	19320408 bases (0.18%)
Trimmed by overlap:     	135820 reads (0.19%) 	4169084 bases (0.04%)
Total Removed:          	16994 reads (0.02%) 	23489492 bases (0.22%)
Result:                 	72830858 reads (99.98%) 	10757992604 bases (99.78%)

Time:                         	63.425 seconds.
Reads Processed:      72847k 	1148.57k reads/sec
Bases Processed:      10781m 	169.99m bases/sec
	Command being timed: "bbduk.sh -Xmx20g threads=80 ordered=f in=/mnt/data/project/2025_trimmomatic/trimmomatic_paper/raw/SRR2052337_1.fastq.gz in2=/mnt/data/project/2025_trimmomatic/trimmomatic_paper/raw/SRR2052337_2.fastq.gz out=/mnt/data/project/2025_trimmomatic/trimmomatic_paper/analysis/scaling/Human_BBDuk_80t_R1.fq.gz out2=/mnt/data/project/2025_trimmomatic/trimmomatic_paper/analysis/scaling/Human_BBDuk_80t_R2.fq.gz ref=/mnt/bin/trimmomatic/Trimmomatic-0.40/adapters/TruSeq3-PE-2-GGGGG.fa ktrim=r k=23 mink=11 hdist=1 tpe tbo"
	User time (seconds): 4190.57
	System time (seconds): 126.91
	Percent of CPU this job got: 6614%
	Elapsed (wall clock) time (h:mm:ss or m:ss): 1:05.27
	Average shared text size (kbytes): 0
	Average unshared data size (kbytes): 0
	Average stack size (kbytes): 0
	Average total size (kbytes): 0
	Maximum resident set size (kbytes): 12822600
	Average resident set size (kbytes): 0
	Major (requiring I/O) page faults: 76
	Minor (reclaiming a frame) page faults: 11412944
	Voluntary context switches: 2942612
	Involuntary context switches: 8416
	Swaps: 0
	File system inputs: 0
	File system outputs: 16868728
	Socket messages sent: 0
	Socket messages received: 0
	Signals delivered: 0
	Page size (bytes): 4096
	Exit status: 0
