WARNING: fastp uses up to 64 threads although you specified 80
Read1 before filtering:
total reads: 36423926
total bases: 5390741048
Q20 bases: 5304733414(98.4045%)
Q30 bases: 5116346613(94.9099%)
Q40 bases: 1530930936(28.3993%)

Read2 before filtering:
total reads: 36423926
total bases: 5390741048
Q20 bases: 5079751107(94.231%)
Q30 bases: 4679888422(86.8135%)
Q40 bases: 1283114411(23.8022%)

Read1 after filtering:
total reads: 35039833
total bases: 5160296936
Q20 bases: 5101627767(98.8631%)
Q30 bases: 4946901998(95.8647%)
Q40 bases: 1504319700(29.1518%)

Read2 after filtering:
total reads: 35039833
total bases: 5159406695
Q20 bases: 4983955489(96.5994%)
Q30 bases: 4634644669(89.829%)
Q40 bases: 1276074739(24.733%)

Filtering result:
reads passed filter: 70079666
reads failed due to low quality: 2739286
reads failed due to too many N: 24918
reads failed due to too short: 2692
reads failed due to adapter dimer: 1290
reads with adapter trimmed: 883788
bases trimmed due to adapters: 47657064

Duplication rate: 0.011756%

Insert size peak (evaluated by paired-end reads): 264

JSON report: /mnt/data/project/2025_trimmomatic/trimmomatic_paper/analysis/scaling_extended_v2/Human_fastp_80t.stress.json
HTML report: /mnt/data/project/2025_trimmomatic/trimmomatic_paper/analysis/scaling_extended_v2/Human_fastp_80t.stress.html

fastp --thread 80 -i /mnt/data/project/2025_trimmomatic/trimmomatic_paper/raw/SRR2052337_1.fastq.gz -I /mnt/data/project/2025_trimmomatic/trimmomatic_paper/raw/SRR2052337_2.fastq.gz -o /mnt/data/project/2025_trimmomatic/trimmomatic_paper/analysis/scaling_extended_v2/Human_fastp_80t_R1.fq.gz -O /mnt/data/project/2025_trimmomatic/trimmomatic_paper/analysis/scaling_extended_v2/Human_fastp_80t_R2.fq.gz --compression 6 --adapter_fasta /mnt/bin/trimmomatic/Trimmomatic-0.40/adapters/TruSeq3-PE-2-GGGGG.fa --json /mnt/data/project/2025_trimmomatic/trimmomatic_paper/analysis/scaling_extended_v2/Human_fastp_80t.stress.json --html /mnt/data/project/2025_trimmomatic/trimmomatic_paper/analysis/scaling_extended_v2/Human_fastp_80t.stress.html 
fastp v1.1.0, time used: 262 seconds
	Command being timed: "fastp --thread 80 -i /mnt/data/project/2025_trimmomatic/trimmomatic_paper/raw/SRR2052337_1.fastq.gz -I /mnt/data/project/2025_trimmomatic/trimmomatic_paper/raw/SRR2052337_2.fastq.gz -o /mnt/data/project/2025_trimmomatic/trimmomatic_paper/analysis/scaling_extended_v2/Human_fastp_80t_R1.fq.gz -O /mnt/data/project/2025_trimmomatic/trimmomatic_paper/analysis/scaling_extended_v2/Human_fastp_80t_R2.fq.gz --compression 6 --adapter_fasta /mnt/bin/trimmomatic/Trimmomatic-0.40/adapters/TruSeq3-PE-2-GGGGG.fa --json /mnt/data/project/2025_trimmomatic/trimmomatic_paper/analysis/scaling_extended_v2/Human_fastp_80t.stress.json --html /mnt/data/project/2025_trimmomatic/trimmomatic_paper/analysis/scaling_extended_v2/Human_fastp_80t.stress.html"
	User time (seconds): 5153.39
	System time (seconds): 31.45
	Percent of CPU this job got: 1975%
	Elapsed (wall clock) time (h:mm:ss or m:ss): 4:22.44
	Average shared text size (kbytes): 0
	Average unshared data size (kbytes): 0
	Average stack size (kbytes): 0
	Average total size (kbytes): 0
	Maximum resident set size (kbytes): 2447344
	Average resident set size (kbytes): 0
	Major (requiring I/O) page faults: 13
	Minor (reclaiming a frame) page faults: 3096145
	Voluntary context switches: 80308478
	Involuntary context switches: 4505
	Swaps: 0
	File system inputs: 0
	File system outputs: 15401336
	Socket messages sent: 0
	Socket messages received: 0
	Signals delivered: 0
	Page size (bytes): 4096
	Exit status: 0
