INFO: run the subcommand : trimmomatic
INFO: using thread nums : 16
INFO: RabbitTrim: started with arguments: 
trimmomatic --PE --threads 16 --forward /mnt/data/project/2025_trimmomatic/trimmomatic_paper/raw/SRR2052337_1.fastq.gz --reverse /mnt/data/project/2025_trimmomatic/trimmomatic_paper/raw/SRR2052337_2.fastq.gz --output /mnt/data/project/2025_trimmomatic/trimmomatic_paper/analysis/scaling_extended_v2/Human_RabbitTrim_16t_out.gz --stats /mnt/data/project/2025_trimmomatic/trimmomatic_paper/logs/scaling_extended_v2/Human_RabbitTrim_16t.stats --steps ILLUMINACLIP:/mnt/bin/trimmomatic/Trimmomatic-0.40/adapters/TruSeq3-PE-2-GGGGG.fa:2:30:10 SLIDINGWINDOW:4:20 MINLEN:36 --compressLevel 6 
[1;31mDEBUG: ======== Thread Assign Result ======== [0m
[1;31mDEBUG: total thread num : 16[0m
[1;31mDEBUG: use pragzip: 0[0m
[1;31mDEBUG: pragzip thread num : 0[0m
[1;31mDEBUG: worker thread num : 14[0m
[1;31mDEBUG: use pigz: 0[0m
[1;31mDEBUG: pigz thread num : 0[0m
[1;31mDEBUG: ======== Thread Assign Result ======== [0m
INFO: Quality encoding detected as phred33
INFO: Using PrefixPair: 'TACACTCTTTCCCTACACGACGCTCTTCCGATCT' and 'GTGACTGGAGTTCAGACGTGTGCTCTTCCGATCT'
INFO: Using Long Clipping Sequence: 'TACACTCTTTCCCTACACGACGCTCTTCCGATCT'
INFO: Using Long Clipping Sequence: 'AGATCGGAAGAGCGTCGTGTAGGGAAAGAGTGTA'
INFO: Using Long Clipping Sequence: 'GTGACTGGAGTTCAGACGTGTGCTCTTCCGATCT'
INFO: Using Long Clipping Sequence: 'AGATCGGAAGAGCACACGTCTGAACTCCAGTCAC'
INFO: Using Long Clipping Sequence: 'GGGGGGGGGGGGGGGGGGGGGGGGGGGGGGGGGG'
INFO: ILLUMINACLIP: Using 1 prefix pairs, 5 forward/reverse sequences, 0 forward only sequences, 0 reverse only sequences
Input files have 4217 chunks 
Time: 37.5222 s
	Command being timed: "/mnt/bin/rabbittrim/RabbitTrim_v2.0.0/build/RabbitTrim trimmomatic --PE --threads 16 --forward /mnt/data/project/2025_trimmomatic/trimmomatic_paper/raw/SRR2052337_1.fastq.gz --reverse /mnt/data/project/2025_trimmomatic/trimmomatic_paper/raw/SRR2052337_2.fastq.gz --output /mnt/data/project/2025_trimmomatic/trimmomatic_paper/analysis/scaling_extended_v2/Human_RabbitTrim_16t_out.gz --stats /mnt/data/project/2025_trimmomatic/trimmomatic_paper/logs/scaling_extended_v2/Human_RabbitTrim_16t.stats --steps ILLUMINACLIP:/mnt/bin/trimmomatic/Trimmomatic-0.40/adapters/TruSeq3-PE-2-GGGGG.fa:2:30:10 SLIDINGWINDOW:4:20 MINLEN:36 --compressLevel 6"
	User time (seconds): 527.09
	System time (seconds): 11.62
	Percent of CPU this job got: 1432%
	Elapsed (wall clock) time (h:mm:ss or m:ss): 0:37.59
	Average shared text size (kbytes): 0
	Average unshared data size (kbytes): 0
	Average stack size (kbytes): 0
	Average total size (kbytes): 0
	Maximum resident set size (kbytes): 300664
	Average resident set size (kbytes): 0
	Major (requiring I/O) page faults: 7
	Minor (reclaiming a frame) page faults: 227879
	Voluntary context switches: 67318
	Involuntary context switches: 822
	Swaps: 0
	File system inputs: 168
	File system outputs: 17921736
	Socket messages sent: 0
	Socket messages received: 0
	Signals delivered: 0
	Page size (bytes): 4096
	Exit status: 0
