INFO: run the subcommand : trimmomatic
INFO: using thread nums : 63
INFO: RabbitTrim: started with arguments: 
trimmomatic --PE --threads 80 --forward /mnt/data/project/2025_trimmomatic/trimmomatic_paper/raw/MS01_CasR09_R1_001.fastq.gz --reverse /mnt/data/project/2025_trimmomatic/trimmomatic_paper/raw/MS01_CasR09_R2_001.fastq.gz --output /mnt/data/project/2025_trimmomatic/trimmomatic_paper/analysis/scaling/Plant_RabbitTrim_80t_out --stats /mnt/data/project/2025_trimmomatic/trimmomatic_paper/logs/scaling/Plant_RabbitTrim_80t.stats --steps ILLUMINACLIP:/mnt/bin/trimmomatic/Trimmomatic-0.40/adapters/TruSeq3-PE-2-GGGGG.fa:2:30:10 SLIDINGWINDOW:4:20 MINLEN:36 --compressLevel 1 
[1;31mDEBUG: ======== Thread Assign Result ======== [0m
[1;31mDEBUG: total thread num : 63[0m
[1;31mDEBUG: use pragzip: 1[0m
[1;31mDEBUG: pragzip thread num : 16[0m
[1;31mDEBUG: worker thread num : 47[0m
[1;31mDEBUG: use pigz: 0[0m
[1;31mDEBUG: pigz thread num : 0[0m
[1;31mDEBUG: ======== Thread Assign Result ======== [0m
./pragzip -c -d -P 8 /mnt/data/project/2025_trimmomatic/trimmomatic_paper/raw/MS01_CasR09_R1_001.fastq.gz 
./pragzip -c -d -P 8 /mnt/data/project/2025_trimmomatic/trimmomatic_paper/raw/MS01_CasR09_R2_001.fastq.gz 
INFO: Quality encoding detected as phred33
INFO: Using PrefixPair: 'TACACTCTTTCCCTACACGACGCTCTTCCGATCT' and 'GTGACTGGAGTTCAGACGTGTGCTCTTCCGATCT'
INFO: Using Long Clipping Sequence: 'TACACTCTTTCCCTACACGACGCTCTTCCGATCT'
INFO: Using Long Clipping Sequence: 'AGATCGGAAGAGCGTCGTGTAGGGAAAGAGTGTA'
INFO: Using Long Clipping Sequence: 'GTGACTGGAGTTCAGACGTGTGCTCTTCCGATCT'
INFO: Using Long Clipping Sequence: 'AGATCGGAAGAGCACACGTCTGAACTCCAGTCAC'
INFO: Using Long Clipping Sequence: 'GGGGGGGGGGGGGGGGGGGGGGGGGGGGGGGGGG'
INFO: ILLUMINACLIP: Using 1 prefix pairs, 5 forward/reverse sequences, 0 forward only sequences, 0 reverse only sequences
[Info] Detected a performance problem. Decoding might take longer than necessary. Please consider opening a performance bug report with a reproducing compressed file. Detailed information:
[Info] Found mismatching block. Need offset 8376034357 B 0 b. Look in partition offset: 8376025088 B 0 b. Found possible range: [8376292366 B 5 b, 8376292366 B 5 b]
Input files have 21223 chunks 
Time: 665.829 s
	Command being timed: "/mnt/bin/rabbittrim/RabbitTrim_v2.0.0/build/RabbitTrim trimmomatic --PE --threads 80 --forward /mnt/data/project/2025_trimmomatic/trimmomatic_paper/raw/MS01_CasR09_R1_001.fastq.gz --reverse /mnt/data/project/2025_trimmomatic/trimmomatic_paper/raw/MS01_CasR09_R2_001.fastq.gz --output /mnt/data/project/2025_trimmomatic/trimmomatic_paper/analysis/scaling/Plant_RabbitTrim_80t_out --stats /mnt/data/project/2025_trimmomatic/trimmomatic_paper/logs/scaling/Plant_RabbitTrim_80t.stats --steps ILLUMINACLIP:/mnt/bin/trimmomatic/Trimmomatic-0.40/adapters/TruSeq3-PE-2-GGGGG.fa:2:30:10 SLIDINGWINDOW:4:20 MINLEN:36 --compressLevel 1"
	User time (seconds): 3470.62
	System time (seconds): 327.94
	Percent of CPU this job got: 570%
	Elapsed (wall clock) time (h:mm:ss or m:ss): 11:06.21
	Average shared text size (kbytes): 0
	Average unshared data size (kbytes): 0
	Average stack size (kbytes): 0
	Average total size (kbytes): 0
	Maximum resident set size (kbytes): 3392908
	Average resident set size (kbytes): 0
	Major (requiring I/O) page faults: 133
	Minor (reclaiming a frame) page faults: 32504193
	Voluntary context switches: 1232346
	Involuntary context switches: 11664
	Swaps: 0
	File system inputs: 5480
	File system outputs: 245545224
	Socket messages sent: 0
	Socket messages received: 0
	Signals delivered: 0
	Page size (bytes): 4096
	Exit status: 0
