java -ea  --add-modules jdk.incubator.vector -Xmx219995m -Xms219995m -cp /mnt/bin/bbmap/bbmap-v39.52-conda/opt/bbmap-39.52-0/current/ jgi.BBDuk threads=160 ordered=f in=/mnt/data/project/2025_trimmomatic/trimmomatic_paper/raw/MS01_CasR09_R1_001.fastq.gz in2=/mnt/data/project/2025_trimmomatic/trimmomatic_paper/raw/MS01_CasR09_R2_001.fastq.gz out=/mnt/data/project/2025_trimmomatic/trimmomatic_paper/analysis/scaling_extended_v2/Plant_BBDuk_160t_R1.fq.gz out2=/mnt/data/project/2025_trimmomatic/trimmomatic_paper/analysis/scaling_extended_v2/Plant_BBDuk_160t_R2.fq.gz ziplevel=6 ref=/mnt/bin/trimmomatic/Trimmomatic-0.40/adapters/TruSeq3-PE-2-GGGGG.fa ktrim=r k=23 mink=11 hdist=1 tpe tbo
WARNING: Using incubator modules: jdk.incubator.vector
Executing jgi.BBDuk [threads=160, ordered=f, in=/mnt/data/project/2025_trimmomatic/trimmomatic_paper/raw/MS01_CasR09_R1_001.fastq.gz, in2=/mnt/data/project/2025_trimmomatic/trimmomatic_paper/raw/MS01_CasR09_R2_001.fastq.gz, out=/mnt/data/project/2025_trimmomatic/trimmomatic_paper/analysis/scaling_extended_v2/Plant_BBDuk_160t_R1.fq.gz, out2=/mnt/data/project/2025_trimmomatic/trimmomatic_paper/analysis/scaling_extended_v2/Plant_BBDuk_160t_R2.fq.gz, ziplevel=6, ref=/mnt/bin/trimmomatic/Trimmomatic-0.40/adapters/TruSeq3-PE-2-GGGGG.fa, ktrim=r, k=23, mink=11, hdist=1, tpe, tbo]
Version 39.52

maskMiddle was disabled because useShortKmers=true
Allocating kmer table: 	0.056 seconds.
Initial:
Memory: max=230686m, total=230686m, free=230500m, used=186m

Added 4663 kmers; time: 	0.092 seconds.
Memory: max=230686m, total=230686m, free=230349m, used=337m

Input is being processed as paired
Started output streams:	0.061 seconds.
Processing time:   		213.294 seconds.

Input:                  	369320182 reads 		54061659458 bases.
KTrimmed:               	1484969 reads (0.40%) 	117419759 bases (0.22%)
Trimmed by overlap:     	648677 reads (0.18%) 	11647326 bases (0.02%)
Total Removed:          	799116 reads (0.22%) 	129067085 bases (0.24%)
Result:                 	368521066 reads (99.78%) 	53932592373 bases (99.76%)

Time:                         	213.450 seconds.
Reads Processed:        369m 	1730.24k reads/sec
Bases Processed:      54061m 	253.28m bases/sec
	Command being timed: "bbduk.sh threads=160 ordered=f in=/mnt/data/project/2025_trimmomatic/trimmomatic_paper/raw/MS01_CasR09_R1_001.fastq.gz in2=/mnt/data/project/2025_trimmomatic/trimmomatic_paper/raw/MS01_CasR09_R2_001.fastq.gz out=/mnt/data/project/2025_trimmomatic/trimmomatic_paper/analysis/scaling_extended_v2/Plant_BBDuk_160t_R1.fq.gz out2=/mnt/data/project/2025_trimmomatic/trimmomatic_paper/analysis/scaling_extended_v2/Plant_BBDuk_160t_R2.fq.gz ziplevel=6 ref=/mnt/bin/trimmomatic/Trimmomatic-0.40/adapters/TruSeq3-PE-2-GGGGG.fa ktrim=r k=23 mink=11 hdist=1 tpe tbo"
	User time (seconds): 21830.89
	System time (seconds): 415.56
	Percent of CPU this job got: 9783%
	Elapsed (wall clock) time (h:mm:ss or m:ss): 3:47.38
	Average shared text size (kbytes): 0
	Average unshared data size (kbytes): 0
	Average stack size (kbytes): 0
	Average total size (kbytes): 0
	Maximum resident set size (kbytes): 135768536
	Average resident set size (kbytes): 0
	Major (requiring I/O) page faults: 146
	Minor (reclaiming a frame) page faults: 83226203
	Voluntary context switches: 13994208
	Involuntary context switches: 55043
	Swaps: 0
	File system inputs: 16
	File system outputs: 52828800
	Socket messages sent: 0
	Socket messages received: 0
	Signals delivered: 0
	Page size (bytes): 4096
	Exit status: 0
