INFO: run the subcommand : trimmomatic
INFO: using thread nums : 63
INFO: RabbitTrim: started with arguments: 
trimmomatic --PE --threads 160 --forward /mnt/data/project/2025_trimmomatic/trimmomatic_paper/raw/MS01_CasR09_R1_001.fastq.gz --reverse /mnt/data/project/2025_trimmomatic/trimmomatic_paper/raw/MS01_CasR09_R2_001.fastq.gz --output /mnt/data/project/2025_trimmomatic/trimmomatic_paper/analysis/scaling_extended_v2/Plant_RabbitTrim_160t_out.gz --stats /mnt/data/project/2025_trimmomatic/trimmomatic_paper/logs/scaling_extended_v2/Plant_RabbitTrim_160t.stats --steps ILLUMINACLIP:/mnt/bin/trimmomatic/Trimmomatic-0.40/adapters/TruSeq3-PE-2-GGGGG.fa:2:30:10 SLIDINGWINDOW:4:20 MINLEN:36 --compressLevel 6 
[1;31mDEBUG: ======== Thread Assign Result ======== [0m
[1;31mDEBUG: total thread num : 63[0m
[1;31mDEBUG: use pragzip: 1[0m
[1;31mDEBUG: pragzip thread num : 9[0m
[1;31mDEBUG: worker thread num : 29[0m
[1;31mDEBUG: use pigz: 1[0m
[1;31mDEBUG: pigz thread num : 25[0m
[1;31mDEBUG: ======== Thread Assign Result ======== [0m
./pragzip -c -d -P 5 /mnt/data/project/2025_trimmomatic/trimmomatic_paper/raw/MS01_CasR09_R1_001.fastq.gz 
./pragzip -c -d -P 5 /mnt/data/project/2025_trimmomatic/trimmomatic_paper/raw/MS01_CasR09_R2_001.fastq.gz 
INFO: Quality encoding detected as phred33
INFO: Using PrefixPair: 'TACACTCTTTCCCTACACGACGCTCTTCCGATCT' and 'GTGACTGGAGTTCAGACGTGTGCTCTTCCGATCT'
INFO: Using Long Clipping Sequence: 'TACACTCTTTCCCTACACGACGCTCTTCCGATCT'
INFO: Using Long Clipping Sequence: 'AGATCGGAAGAGCGTCGTGTAGGGAAAGAGTGTA'
INFO: Using Long Clipping Sequence: 'GTGACTGGAGTTCAGACGTGTGCTCTTCCGATCT'
INFO: Using Long Clipping Sequence: 'AGATCGGAAGAGCACACGTCTGAACTCCAGTCAC'
INFO: Using Long Clipping Sequence: 'GGGGGGGGGGGGGGGGGGGGGGGGGGGGGGGGGG'
INFO: ILLUMINACLIP: Using 1 prefix pairs, 5 forward/reverse sequences, 0 forward only sequences, 0 reverse only sequences
[Info] Detected a performance problem. Decoding might take longer than necessary. Please consider opening a performance bug report with a reproducing compressed file. Detailed information:
[Info] Found mismatching block. Need offset 8376034357 B 0 b. Look in partition offset: 8376025088 B 0 b. Found possible range: [8376292366 B 5 b, 8376292366 B 5 b]
Input files have 21223 chunks 
Time: 504.347 s
	Command being timed: "/mnt/bin/rabbittrim/RabbitTrim_v2.0.0/build/RabbitTrim trimmomatic --PE --threads 160 --forward /mnt/data/project/2025_trimmomatic/trimmomatic_paper/raw/MS01_CasR09_R1_001.fastq.gz --reverse /mnt/data/project/2025_trimmomatic/trimmomatic_paper/raw/MS01_CasR09_R2_001.fastq.gz --output /mnt/data/project/2025_trimmomatic/trimmomatic_paper/analysis/scaling_extended_v2/Plant_RabbitTrim_160t_out.gz --stats /mnt/data/project/2025_trimmomatic/trimmomatic_paper/logs/scaling_extended_v2/Plant_RabbitTrim_160t.stats --steps ILLUMINACLIP:/mnt/bin/trimmomatic/Trimmomatic-0.40/adapters/TruSeq3-PE-2-GGGGG.fa:2:30:10 SLIDINGWINDOW:4:20 MINLEN:36 --compressLevel 6"
	User time (seconds): 11537.44
	System time (seconds): 114.70
	Percent of CPU this job got: 2309%
	Elapsed (wall clock) time (h:mm:ss or m:ss): 8:24.59
	Average shared text size (kbytes): 0
	Average unshared data size (kbytes): 0
	Average stack size (kbytes): 0
	Average total size (kbytes): 0
	Maximum resident set size (kbytes): 2893948
	Average resident set size (kbytes): 0
	Major (requiring I/O) page faults: 6
	Minor (reclaiming a frame) page faults: 29885995
	Voluntary context switches: 1563485
	Involuntary context switches: 13028
	Swaps: 0
	File system inputs: 0
	File system outputs: 48793328
	Socket messages sent: 0
	Socket messages received: 0
	Signals delivered: 0
	Page size (bytes): 4096
	Exit status: 0
