java -ea  --add-modules jdk.incubator.vector -Xmx20g -Xms20g -cp /mnt/bin/bbmap/bbmap-v39.52-conda/opt/bbmap-39.52-0/current/ jgi.BBDuk -Xmx20g threads=20 ordered=f in=/mnt/data/project/2025_trimmomatic/trimmomatic_paper/raw/MS01_CasR09_R1_001.fastq.gz in2=/mnt/data/project/2025_trimmomatic/trimmomatic_paper/raw/MS01_CasR09_R2_001.fastq.gz out=/mnt/data/project/2025_trimmomatic/trimmomatic_paper/analysis/scaling/Plant_BBDuk_20t_R1.fq.gz out2=/mnt/data/project/2025_trimmomatic/trimmomatic_paper/analysis/scaling/Plant_BBDuk_20t_R2.fq.gz ref=/mnt/bin/trimmomatic/Trimmomatic-0.40/adapters/TruSeq3-PE-2-GGGGG.fa ktrim=r k=23 mink=11 hdist=1 tpe tbo
WARNING: Using incubator modules: jdk.incubator.vector
Executing jgi.BBDuk [-Xmx20g, threads=20, ordered=f, in=/mnt/data/project/2025_trimmomatic/trimmomatic_paper/raw/MS01_CasR09_R1_001.fastq.gz, in2=/mnt/data/project/2025_trimmomatic/trimmomatic_paper/raw/MS01_CasR09_R2_001.fastq.gz, out=/mnt/data/project/2025_trimmomatic/trimmomatic_paper/analysis/scaling/Plant_BBDuk_20t_R1.fq.gz, out2=/mnt/data/project/2025_trimmomatic/trimmomatic_paper/analysis/scaling/Plant_BBDuk_20t_R2.fq.gz, ref=/mnt/bin/trimmomatic/Trimmomatic-0.40/adapters/TruSeq3-PE-2-GGGGG.fa, ktrim=r, k=23, mink=11, hdist=1, tpe, tbo]
Version 39.52

maskMiddle was disabled because useShortKmers=true
Allocating kmer table: 	0.036 seconds.
Initial:
Memory: max=21474m, total=21474m, free=21381m, used=93m

Added 4663 kmers; time: 	0.074 seconds.
Memory: max=21474m, total=21474m, free=21305m, used=169m

Input is being processed as paired
Started output streams:	0.145 seconds.
Processing time:   		606.885 seconds.

Input:                  	369320182 reads 		54061659458 bases.
KTrimmed:               	1484969 reads (0.40%) 	117419759 bases (0.22%)
Trimmed by overlap:     	648677 reads (0.18%) 	11647326 bases (0.02%)
Total Removed:          	799116 reads (0.22%) 	129067085 bases (0.24%)
Result:                 	368521066 reads (99.78%) 	53932592373 bases (99.76%)

Time:                         	607.106 seconds.
Reads Processed:        369m 	608.33k reads/sec
Bases Processed:      54061m 	89.05m bases/sec
	Command being timed: "bbduk.sh -Xmx20g threads=20 ordered=f in=/mnt/data/project/2025_trimmomatic/trimmomatic_paper/raw/MS01_CasR09_R1_001.fastq.gz in2=/mnt/data/project/2025_trimmomatic/trimmomatic_paper/raw/MS01_CasR09_R2_001.fastq.gz out=/mnt/data/project/2025_trimmomatic/trimmomatic_paper/analysis/scaling/Plant_BBDuk_20t_R1.fq.gz out2=/mnt/data/project/2025_trimmomatic/trimmomatic_paper/analysis/scaling/Plant_BBDuk_20t_R2.fq.gz ref=/mnt/bin/trimmomatic/Trimmomatic-0.40/adapters/TruSeq3-PE-2-GGGGG.fa ktrim=r k=23 mink=11 hdist=1 tpe tbo"
	User time (seconds): 15677.14
	System time (seconds): 431.71
	Percent of CPU this job got: 2644%
	Elapsed (wall clock) time (h:mm:ss or m:ss): 10:09.21
	Average shared text size (kbytes): 0
	Average unshared data size (kbytes): 0
	Average stack size (kbytes): 0
	Average total size (kbytes): 0
	Maximum resident set size (kbytes): 12881216
	Average resident set size (kbytes): 0
	Major (requiring I/O) page faults: 845
	Minor (reclaiming a frame) page faults: 29426680
	Voluntary context switches: 12977660
	Involuntary context switches: 14267
	Swaps: 0
	File system inputs: 93912
	File system outputs: 54933272
	Socket messages sent: 0
	Socket messages received: 0
	Signals delivered: 0
	Page size (bytes): 4096
	Exit status: 0
