This is cutadapt 5.2 with Python 3.12.12
Command line parameters: -j 16 --compression-level=6 -a AGATCGGAAGAGCACACGTCTGAACTCCAGTCAC -a GGGGGGGGGGGGGGGGGGGGGGGGGGGGGGGGGG -A AGATCGGAAGAGCGTCGTGTAGGGAAAGAGTGTA -A GGGGGGGGGGGGGGGGGGGGGGGGGGGGGGGGGG -o /mnt/data/project/2025_trimmomatic/trimmomatic_paper/analysis/scaling_extended_v2/Plant_Cutadapt_16t_R1.fq.gz -p /mnt/data/project/2025_trimmomatic/trimmomatic_paper/analysis/scaling_extended_v2/Plant_Cutadapt_16t_R2.fq.gz /mnt/data/project/2025_trimmomatic/trimmomatic_paper/raw/MS01_CasR09_R1_001.fastq.gz /mnt/data/project/2025_trimmomatic/trimmomatic_paper/raw/MS01_CasR09_R2_001.fastq.gz
Processing paired-end reads on 16 cores ...

=== Summary ===

Total read pairs processed:        184,660,091
  Read 1 with adapter:               5,304,617 (2.9%)
  Read 2 with adapter:               5,813,760 (3.1%)
Pairs written (passing filters):   184,660,091 (100.0%)

Total basepairs processed: 54,061,659,458 bp
  Read 1: 27,001,062,026 bp
  Read 2: 27,060,597,432 bp
Total written (filtered):  53,963,405,500 bp (99.8%)
  Read 1: 26,976,255,881 bp
  Read 2: 26,987,149,619 bp

=== First read: Adapter 1 ===

Sequence: AGATCGGAAGAGCACACGTCTGAACTCCAGTCAC; Type: regular 3'; Length: 34; Trimmed: 2560337 times

Minimum overlap: 3
No. of allowed errors:
1-9 bp: 0; 10-19 bp: 1; 20-29 bp: 2; 30-34 bp: 3

Bases preceding removed adapters:
  A: 37.3%
  C: 18.7%
  G: 21.5%
  T: 22.5%
  none/other: 0.0%

Overview of removed sequences
length	count	expect	max.err	error counts
3	1965739	2885313.9	0	1965739
4	445725	721328.5	0	445725
5	101420	180332.1	0	101420
6	29304	45083.0	0	29304
7	1079	11270.8	0	1079
8	130	2817.7	0	130
9	708	704.4	0	77 631
10	2548	176.1	1	17 2531
11	2835	44.0	1	23 2812
12	574	11.0	1	2 572
13	124	2.8	1	24 100
14	2222	0.7	1	0 2222
15	139	0.2	1	0 139
16	2101	0.0	1	60 2041
17	44	0.0	1	2 42
18	1984	0.0	1	3 1981
19	692	0.0	1	0 655 37
20	515	0.0	2	0 3 512
21	73	0.0	2	1 1 71
22	129	0.0	2	1 2 126
23	127	0.0	2	0 0 127
24	623	0.0	2	0 8 615
25	655	0.0	2	0 5 650
26	153	0.0	2	0 11 142
27	393	0.0	2	0 0 393
28	48	0.0	2	0 0 48
29	45	0.0	2	0 0 45
30	41	0.0	3	0 0 11 30
31	140	0.0	3	0 0 0 140
32	9	0.0	3	0 0 0 9
33	17	0.0	3	0 0 4 13
34	1	0.0	3	0 0 0 1


=== First read: Adapter 2 ===

Sequence: GGGGGGGGGGGGGGGGGGGGGGGGGGGGGGGGGG; Type: regular 3'; Length: 34; Trimmed: 2744280 times

Minimum overlap: 3
No. of allowed errors:
1-9 bp: 0; 10-19 bp: 1; 20-29 bp: 2; 30-34 bp: 3

Bases preceding removed adapters:
  A: 39.5%
  C: 19.4%
  G: 0.0%
  T: 41.1%
  none/other: 0.0%

Overview of removed sequences
length	count	expect	max.err	error counts
3	2009022	2885313.9	0	2009022
4	461552	721328.5	0	461552
5	117298	180332.1	0	117298
6	28166	45083.0	0	28166
7	10661	11270.8	0	10661
8	2596	2817.7	0	2596
9	1799	704.4	0	1799
10	8061	176.1	1	1229 6832
11	5253	44.0	1	983 4270
12	3646	11.0	1	867 2779
13	3128	2.8	1	839 2289
14	2156	0.7	1	476 1680
15	1812	0.2	1	445 1367
16	1406	0.0	1	344 1062
17	1122	0.0	1	353 769
18	787	0.0	1	308 479
19	685	0.0	1	274 411
20	1732	0.0	2	253 319 1160
21	1591	0.0	2	266 297 1028
22	1402	0.0	2	199 258 945
23	1258	0.0	2	205 246 807
24	1029	0.0	2	173 201 655
25	972	0.0	2	158 194 620
26	809	0.0	2	162 177 470
27	713	0.0	2	171 171 371
28	508	0.0	2	160 155 193
29	530	0.0	2	150 151 229
30	962	0.0	3	146 132 170 514
31	1042	0.0	3	164 168 197 513
32	937	0.0	3	174 140 176 447
33	1721	0.0	3	451 434 415 421
34	1666	0.0	3	423 440 398 405
35	1232	0.0	3	441 259 283 249
36	1098	0.0	3	447 246 211 194
37	916	0.0	3	420 164 153 179
38	909	0.0	3	443 178 140 148
39	894	0.0	3	443 164 137 150
40	811	0.0	3	455 139 105 112
41	802	0.0	3	451 133 112 106
42	731	0.0	3	389 123 104 115
43	703	0.0	3	404 115 88 96
44	702	0.0	3	411 120 83 88
45	688	0.0	3	408 116 81 83
46	662	0.0	3	424 102 72 64
47	653	0.0	3	399 97 82 75
48	645	0.0	3	430 89 66 60
49	605	0.0	3	357 108 63 77
50	620	0.0	3	418 83 62 57
51	640	0.0	3	418 86 73 63
52	626	0.0	3	392 99 73 62
53	608	0.0	3	391 80 62 75
54	562	0.0	3	382 81 47 52
55	606	0.0	3	396 87 61 62
56	599	0.0	3	400 83 64 52
57	564	0.0	3	361 69 64 70
58	593	0.0	3	395 86 64 48
59	528	0.0	3	370 57 55 46
60	592	0.0	3	393 85 64 50
61	552	0.0	3	373 78 53 48
62	531	0.0	3	357 76 48 50
63	550	0.0	3	371 76 56 47
64	552	0.0	3	362 87 51 52
65	563	0.0	3	346 88 59 70
66	562	0.0	3	365 90 57 50
67	505	0.0	3	321 75 61 48
68	467	0.0	3	301 78 48 40
69	501	0.0	3	313 83 50 55
70	512	0.0	3	323 72 64 53
71	480	0.0	3	314 72 48 46
72	476	0.0	3	301 69 51 55
73	519	0.0	3	352 73 44 50
74	509	0.0	3	349 70 47 43
75	509	0.0	3	345 68 54 42
76	476	0.0	3	302 80 46 48
77	527	0.0	3	343 84 51 49
78	505	0.0	3	329 73 60 43
79	503	0.0	3	328 83 46 46
80	544	0.0	3	357 80 52 55
81	500	0.0	3	323 75 54 48
82	509	0.0	3	325 84 52 48
83	515	0.0	3	343 79 61 32
84	515	0.0	3	360 63 44 48
85	895	0.0	3	732 73 53 37
86	489	0.0	3	346 65 47 31
87	553	0.0	3	381 81 44 47
88	483	0.0	3	307 71 57 48
89	432	0.0	3	281 65 51 35
90	449	0.0	3	292 68 43 46
91	447	0.0	3	278 79 41 49
92	428	0.0	3	266 72 39 51
93	427	0.0	3	278 72 43 34
94	372	0.0	3	250 56 34 32
95	400	0.0	3	255 70 47 28
96	360	0.0	3	222 57 47 34
97	358	0.0	3	225 64 31 38
98	385	0.0	3	245 61 41 38
99	380	0.0	3	224 79 44 33
100	399	0.0	3	258 64 43 34
101	381	0.0	3	257 62 30 32
102	334	0.0	3	223 54 28 29
103	342	0.0	3	217 54 44 27
104	298	0.0	3	183 55 31 29
105	318	0.0	3	212 52 31 23
106	279	0.0	3	177 47 31 24
107	273	0.0	3	154 52 43 24
108	239	0.0	3	146 36 34 23
109	255	0.0	3	154 49 28 24
110	271	0.0	3	161 56 19 35
111	266	0.0	3	160 52 25 29
112	272	0.0	3	167 51 24 30
113	227	0.0	3	140 39 23 25
114	207	0.0	3	114 34 33 26
115	200	0.0	3	111 38 23 28
116	187	0.0	3	106 35 21 25
117	169	0.0	3	92 26 30 21
118	163	0.0	3	97 29 18 19
119	165	0.0	3	100 30 22 13
120	134	0.0	3	84 22 11 17
121	132	0.0	3	76 23 16 17
122	113	0.0	3	66 19 16 12
123	92	0.0	3	58 20 7 7
124	71	0.0	3	36 11 10 14
125	44	0.0	3	26 5 9 4
126	50	0.0	3	21 16 6 7
127	54	0.0	3	29 11 9 5
128	38	0.0	3	22 2 6 8
129	57	0.0	3	33 15 5 4
130	30	0.0	3	16 7 4 3
131	55	0.0	3	42 5 6 2
132	58	0.0	3	43 9 5 1
133	51	0.0	3	38 9 2 2
134	61	0.0	3	47 7 4 3
135	71	0.0	3	61 7 2 1
136	79	0.0	3	67 7 3 2
137	97	0.0	3	72 16 8 1
138	86	0.0	3	68 11 5 2
139	101	0.0	3	80 14 5 2
140	177	0.0	3	133 30 11 3
141	305	0.0	3	251 37 12 5
142	378	0.0	3	309 57 9 3
143	484	0.0	3	418 48 16 2
144	616	0.0	3	534 56 20 6
145	809	0.0	3	704 73 24 8
146	1411	0.0	3	1272 103 27 9
147	2797	0.0	3	2572 175 40 10
148	6261	0.0	3	5919 279 43 20
149	10398	0.0	3	10022 305 55 16
150	72	0.0	3	0 43 22 7
151	2	0.0	3	0 0 0 2


=== Second read: Adapter 3 ===

Sequence: AGATCGGAAGAGCGTCGTGTAGGGAAAGAGTGTA; Type: regular 3'; Length: 34; Trimmed: 2548246 times

Minimum overlap: 3
No. of allowed errors:
1-9 bp: 0; 10-19 bp: 1; 20-29 bp: 2; 30-34 bp: 3

Bases preceding removed adapters:
  A: 37.1%
  C: 18.8%
  G: 21.5%
  T: 22.7%
  none/other: 0.0%

Overview of removed sequences
length	count	expect	max.err	error counts
3	1946821	2885313.9	0	1946821
4	452720	721328.5	0	452720
5	101238	180332.1	0	101238
6	28225	45083.0	0	28225
7	1086	11270.8	0	1086
8	137	2817.7	0	137
9	783	704.4	0	92 691
10	2451	176.1	1	156 2295
11	2567	44.0	1	78 2489
12	1789	11.0	1	155 1634
13	195	2.8	1	119 76
14	1456	0.7	1	19 1437
15	1757	0.2	1	37 1720
16	1034	0.0	1	5 1029
17	1525	0.0	1	1 1524
18	1131	0.0	1	0 1131
19	949	0.0	1	0 949
20	14	0.0	2	0 0 14
21	464	0.0	2	0 2 462
22	73	0.0	2	0 1 72
23	153	0.0	2	0 0 153
24	208	0.0	2	1 1 206
25	498	0.0	2	0 3 495
26	141	0.0	2	0 0 141
27	453	0.0	2	0 0 453
28	40	0.0	2	0 0 40
29	23	0.0	2	0 0 14 9
30	97	0.0	3	0 0 21 76
31	20	0.0	3	0 0 1 19
32	142	0.0	3	0 0 0 142
33	51	0.0	3	0 0 6 45
34	5	0.0	3	0 0 0 5


=== Second read: Adapter 4 ===

Sequence: GGGGGGGGGGGGGGGGGGGGGGGGGGGGGGGGGG; Type: regular 3'; Length: 34; Trimmed: 3265514 times

Minimum overlap: 3
No. of allowed errors:
1-9 bp: 0; 10-19 bp: 1; 20-29 bp: 2; 30-34 bp: 3

Bases preceding removed adapters:
  A: 35.7%
  C: 17.8%
  G: 0.0%
  T: 40.1%
  none/other: 6.4%

Overview of removed sequences
length	count	expect	max.err	error counts
3	2023208	2885313.9	0	2023208
4	471832	721328.5	0	471832
5	121725	180332.1	0	121725
6	31784	45083.0	0	31784
7	12298	11270.8	0	12298
8	3235	2817.7	0	3235
9	1863	704.4	0	1863
10	11221	176.1	1	1261 9960
11	7895	44.0	1	932 6963
12	5654	11.0	1	794 4860
13	4531	2.8	1	689 3842
14	3582	0.7	1	478 3104
15	2655	0.2	1	390 2265
16	2205	0.0	1	346 1859
17	1569	0.0	1	277 1292
18	888	0.0	1	232 656
19	749	0.0	1	209 540
20	3213	0.0	2	218 471 2524
21	2823	0.0	2	182 448 2193
22	2383	0.0	2	136 380 1867
23	2268	0.0	2	144 363 1761
24	1803	0.0	2	110 286 1407
25	1385	0.0	2	102 221 1062
26	1257	0.0	2	101 195 961
27	904	0.0	2	91 150 663
28	589	0.0	2	82 165 342
29	533	0.0	2	89 131 313
30	1871	0.0	3	111 123 271 1366
31	1741	0.0	3	133 185 268 1155
32	1637	0.0	3	126 155 233 1123
33	3455	0.0	3	681 831 938 1005
34	3094	0.0	3	596 782 827 889
35	2676	0.0	3	612 687 666 711
36	2456	0.0	3	602 624 635 595
37	2194	0.0	3	636 568 502 488
38	2037	0.0	3	638 511 479 409
39	1875	0.0	3	621 486 409 359
40	1825	0.0	3	690 467 349 319
41	1904	0.0	3	780 459 343 322
42	4343	0.0	3	3146 537 359 301
43	2382	0.0	3	1361 446 314 261
44	1938	0.0	3	942 446 301 249
45	1813	0.0	3	994 373 242 204
46	1835	0.0	3	934 400 267 234
47	1741	0.0	3	989 356 220 176
48	1739	0.0	3	982 383 203 171
49	1732	0.0	3	1058 324 196 154
50	1677	0.0	3	1038 304 190 145
51	1606	0.0	3	996 286 186 138
52	1953	0.0	3	1271 341 188 153
53	2069	0.0	3	1374 354 206 135
54	2171	0.0	3	1484 371 164 152
55	2435	0.0	3	1773 383 168 111
56	2860	0.0	3	2126 395 186 153
57	3054	0.0	3	2318 385 198 153
58	3088	0.0	3	2505 363 141 79
59	3376	0.0	3	2692 383 187 114
60	3491	0.0	3	2863 369 160 99
61	4182	0.0	3	3494 404 152 132
62	5102	0.0	3	4457 374 145 126
63	6184	0.0	3	5560 347 168 109
64	5881	0.0	3	5369 300 139 73
65	6539	0.0	3	6058 282 117 82
66	7646	0.0	3	7231 236 101 78
67	8874	0.0	3	8454 253 95 72
68	11493	0.0	3	11086 225 111 71
69	12059	0.0	3	11709 198 65 87
70	14536	0.0	3	14260 138 72 66
71	20324	0.0	3	20069 129 67 59
72	24309	0.0	3	24080 112 67 50
73	26585	0.0	3	26391 94 48 52
74	26896	0.0	3	26707 77 50 62
75	22416	0.0	3	22238 63 55 60
76	7992	0.0	3	7826 71 52 43
77	3274	0.0	3	3124 54 43 53
78	2120	0.0	3	1905 71 70 74
79	738	0.0	3	591 48 48 51
80	405	0.0	3	268 45 38 54
81	324	0.0	3	155 56 60 53
82	427	0.0	3	235 65 66 61
83	244	0.0	3	79 57 53 55
84	284	0.0	3	125 52 46 61
85	248	0.0	3	81 53 59 55
86	265	0.0	3	96 54 59 56
87	251	0.0	3	95 53 49 54
88	198	0.0	3	80 44 41 33
89	228	0.0	3	92 43 49 44
90	229	0.0	3	91 36 52 50
91	226	0.0	3	81 57 43 45
92	277	0.0	3	126 60 46 45
93	358	0.0	3	145 104 67 42
94	807	0.0	3	241 265 199 102
95	747	0.0	3	149 169 218 211
96	2112	0.0	3	236 529 676 671
97	2788	0.0	3	275 575 866 1072
98	2075	0.0	3	202 375 643 855
99	2859	0.0	3	234 524 932 1169
100	3669	0.0	3	295 688 1205 1481
101	2838	0.0	3	289 609 942 998
102	1153	0.0	3	149 254 371 379
103	759	0.0	3	145 164 243 207
104	331	0.0	3	84 86 84 77
105	240	0.0	3	73 57 61 49
106	233	0.0	3	86 47 52 48
107	218	0.0	3	83 39 51 45
108	200	0.0	3	73 45 45 37
109	203	0.0	3	69 51 44 39
110	225	0.0	3	73 47 59 46
111	305	0.0	3	87 71 60 87
112	454	0.0	3	83 76 149 146
113	546	0.0	3	93 83 160 210
114	458	0.0	3	89 68 109 192
115	802	0.0	3	84 121 222 375
116	452	0.0	3	84 76 108 184
117	657	0.0	3	119 102 167 269
118	468	0.0	3	101 66 125 176
119	310	0.0	3	92 56 68 94
120	246	0.0	3	110 43 41 52
121	244	0.0	3	93 59 37 55
122	266	0.0	3	102 49 58 57
123	227	0.0	3	95 38 47 47
124	251	0.0	3	116 61 32 42
125	217	0.0	3	91 46 36 44
126	273	0.0	3	122 56 57 38
127	243	0.0	3	113 46 42 42
128	217	0.0	3	97 40 31 49
129	261	0.0	3	128 46 48 39
130	237	0.0	3	112 44 37 44
131	192	0.0	3	91 38 38 25
132	221	0.0	3	110 48 29 34
133	260	0.0	3	128 60 45 27
134	341	0.0	3	198 68 39 36
135	346	0.0	3	188 65 59 34
136	410	0.0	3	233 89 50 38
137	419	0.0	3	219 81 74 45
138	452	0.0	3	247 85 74 46
139	477	0.0	3	246 93 77 61
140	451	0.0	3	255 98 56 42
141	547	0.0	3	278 114 86 69
142	538	0.0	3	305 113 71 49
143	627	0.0	3	372 101 93 61
144	517	0.0	3	280 123 60 54
145	491	0.0	3	263 114 64 50
146	459	0.0	3	258 96 51 54
147	597	0.0	3	333 104 85 75
148	1170	0.0	3	694 212 148 116
149	2385	0.0	3	1406 440 309 230
150	17661	0.0	3	13077 2077 1354 1153
151	191128	0.0	3	63560 31737 44665 51166
	Command being timed: "cutadapt -j 16 --compression-level=6 -a AGATCGGAAGAGCACACGTCTGAACTCCAGTCAC -a GGGGGGGGGGGGGGGGGGGGGGGGGGGGGGGGGG -A AGATCGGAAGAGCGTCGTGTAGGGAAAGAGTGTA -A GGGGGGGGGGGGGGGGGGGGGGGGGGGGGGGGGG -o /mnt/data/project/2025_trimmomatic/trimmomatic_paper/analysis/scaling_extended_v2/Plant_Cutadapt_16t_R1.fq.gz -p /mnt/data/project/2025_trimmomatic/trimmomatic_paper/analysis/scaling_extended_v2/Plant_Cutadapt_16t_R2.fq.gz /mnt/data/project/2025_trimmomatic/trimmomatic_paper/raw/MS01_CasR09_R1_001.fastq.gz /mnt/data/project/2025_trimmomatic/trimmomatic_paper/raw/MS01_CasR09_R2_001.fastq.gz"
	User time (seconds): 5341.26
	System time (seconds): 413.84
	Percent of CPU this job got: 726%
	Elapsed (wall clock) time (h:mm:ss or m:ss): 13:12.44
	Average shared text size (kbytes): 0
	Average unshared data size (kbytes): 0
	Average stack size (kbytes): 0
	Average total size (kbytes): 0
	Maximum resident set size (kbytes): 187580
	Average resident set size (kbytes): 0
	Major (requiring I/O) page faults: 0
	Minor (reclaiming a frame) page faults: 72585270
	Voluntary context switches: 4771613
	Involuntary context switches: 16031
	Swaps: 0
	File system inputs: 0
	File system outputs: 51523976
	Socket messages sent: 0
	Socket messages received: 0
	Signals delivered: 0
	Page size (bytes): 4096
	Exit status: 0
