java -ea   -Xmx90g -Xms90g -cp /mnt/bin/bbmap/bbmap-v39.52-conda/opt/bbmap-39.52-0/current/ jgi.BBDuk -Xmx90g threads=40 ordered=f in=/mnt/data/project/2025_trimmomatic/trimmomatic_paper/raw/SRR2052337_1.fastq.gz in2=/mnt/data/project/2025_trimmomatic/trimmomatic_paper/raw/SRR2052337_2.fastq.gz out=/mnt/data/project/2025_trimmomatic/trimmomatic_paper/analysis/tools_human/bbduk_R1.fq.gz out2=/mnt/data/project/2025_trimmomatic/trimmomatic_paper/analysis/tools_human/bbduk_R2.fq.gz ref=/mnt/bin/trimmomatic/Trimmomatic-0.40/adapters/TruSeq3-PE-2-GGGGG.fa ktrim=r k=23 mink=11 hdist=1 tpe tbo
Executing jgi.BBDuk [-Xmx90g, threads=40, ordered=f, in=/mnt/data/project/2025_trimmomatic/trimmomatic_paper/raw/SRR2052337_1.fastq.gz, in2=/mnt/data/project/2025_trimmomatic/trimmomatic_paper/raw/SRR2052337_2.fastq.gz, out=/mnt/data/project/2025_trimmomatic/trimmomatic_paper/analysis/tools_human/bbduk_R1.fq.gz, out2=/mnt/data/project/2025_trimmomatic/trimmomatic_paper/analysis/tools_human/bbduk_R2.fq.gz, ref=/mnt/bin/trimmomatic/Trimmomatic-0.40/adapters/TruSeq3-PE-2-GGGGG.fa, ktrim=r, k=23, mink=11, hdist=1, tpe, tbo]
Version 39.52

maskMiddle was disabled because useShortKmers=true
Allocating kmer table: 	0.035 seconds.
Initial:
Memory: max=96636m, total=96636m, free=96484m, used=152m

Added 4663 kmers; time: 	0.040 seconds.
Memory: max=96636m, total=96636m, free=96333m, used=303m

Input is being processed as paired
Started output streams:	0.049 seconds.
Processing time:   		98.440 seconds.

Input:                  	72847852 reads 		10781482096 bases.
KTrimmed:               	434508 reads (0.60%) 	19320408 bases (0.18%)
Trimmed by overlap:     	135820 reads (0.19%) 	4169084 bases (0.04%)
Total Removed:          	16994 reads (0.02%) 	23489492 bases (0.22%)
Result:                 	72830858 reads (99.98%) 	10757992604 bases (99.78%)

Time:                         	98.532 seconds.
Reads Processed:      72847k 	739.33k reads/sec
Bases Processed:      10781m 	109.42m bases/sec
	Command being timed: "bbduk.sh -Xmx90g threads=40 ordered=f in=/mnt/data/project/2025_trimmomatic/trimmomatic_paper/raw/SRR2052337_1.fastq.gz in2=/mnt/data/project/2025_trimmomatic/trimmomatic_paper/raw/SRR2052337_2.fastq.gz out=/mnt/data/project/2025_trimmomatic/trimmomatic_paper/analysis/tools_human/bbduk_R1.fq.gz out2=/mnt/data/project/2025_trimmomatic/trimmomatic_paper/analysis/tools_human/bbduk_R2.fq.gz ref=/mnt/bin/trimmomatic/Trimmomatic-0.40/adapters/TruSeq3-PE-2-GGGGG.fa ktrim=r k=23 mink=11 hdist=1 tpe tbo"
	User time (seconds): 3205.24
	System time (seconds): 87.15
	Percent of CPU this job got: 3247%
	Elapsed (wall clock) time (h:mm:ss or m:ss): 1:41.39
	Average shared text size (kbytes): 0
	Average unshared data size (kbytes): 0
	Average stack size (kbytes): 0
	Average total size (kbytes): 0
	Maximum resident set size (kbytes): 56882876
	Average resident set size (kbytes): 0
	Major (requiring I/O) page faults: 631
	Minor (reclaiming a frame) page faults: 17916444
	Voluntary context switches: 2710195
	Involuntary context switches: 1053139
	Swaps: 0
	File system inputs: 86760
	File system outputs: 16865712
	Socket messages sent: 0
	Socket messages received: 0
	Signals delivered: 0
	Page size (bytes): 4096
	Exit status: 0
