Read1 before filtering:
total reads: 184660091
total bases: 27001062026
Q20 bases: 26170051062(96.9223%)
Q30 bases: 24692130507(91.4487%)
Q40 bases: 0(0%)

Read2 before filtering:
total reads: 184660091
total bases: 27060597432
Q20 bases: 25799479843(95.3397%)
Q30 bases: 23887892974(88.2756%)
Q40 bases: 0(0%)

Read1 after filtering:
total reads: 183092319
total bases: 26792317081
Q20 bases: 26016580732(97.1046%)
Q30 bases: 24561479071(91.6736%)
Q40 bases: 0(0%)

Read2 after filtering:
total reads: 183092319
total bases: 26790969037
Q20 bases: 25636056110(95.6892%)
Q30 bases: 23760374578(88.688%)
Q40 bases: 0(0%)

Filtering result:
reads passed filter: 366184638
reads failed due to low quality: 2886858
reads failed due to too many N: 62018
reads failed due to too short: 166886
reads failed due to adapter dimer: 19782
reads with adapter trimmed: 1657562
bases trimmed due to adapters: 45458987

Duplication rate: 7.57493%

Insert size peak (evaluated by paired-end reads): 201

JSON report: /mnt/data/project/2025_trimmomatic/trimmomatic_paper/logs/fastp.json
HTML report: /mnt/data/project/2025_trimmomatic/trimmomatic_paper/logs/fastp.html

fastp --thread 40 -i /mnt/data/project/2025_trimmomatic/trimmomatic_paper/raw/MS01_CasR09_R1_001.fastq.gz -I /mnt/data/project/2025_trimmomatic/trimmomatic_paper/raw/MS01_CasR09_R2_001.fastq.gz -o /mnt/data/project/2025_trimmomatic/trimmomatic_paper/analysis/tools/fastp_R1.fq.gz -O /mnt/data/project/2025_trimmomatic/trimmomatic_paper/analysis/tools/fastp_R2.fq.gz --adapter_fasta /mnt/bin/trimmomatic/Trimmomatic-0.40/adapters/TruSeq3-PE-2-GGGGG.fa -j /mnt/data/project/2025_trimmomatic/trimmomatic_paper/logs/fastp.json -h /mnt/data/project/2025_trimmomatic/trimmomatic_paper/logs/fastp.html 
fastp v1.1.0, time used: 1321 seconds
	Command being timed: "fastp --thread 40 -i /mnt/data/project/2025_trimmomatic/trimmomatic_paper/raw/MS01_CasR09_R1_001.fastq.gz -I /mnt/data/project/2025_trimmomatic/trimmomatic_paper/raw/MS01_CasR09_R2_001.fastq.gz -o /mnt/data/project/2025_trimmomatic/trimmomatic_paper/analysis/tools/fastp_R1.fq.gz -O /mnt/data/project/2025_trimmomatic/trimmomatic_paper/analysis/tools/fastp_R2.fq.gz --adapter_fasta /mnt/bin/trimmomatic/Trimmomatic-0.40/adapters/TruSeq3-PE-2-GGGGG.fa -j /mnt/data/project/2025_trimmomatic/trimmomatic_paper/logs/fastp.json -h /mnt/data/project/2025_trimmomatic/trimmomatic_paper/logs/fastp.html"
	User time (seconds): 44844.14
	System time (seconds): 245.13
	Percent of CPU this job got: 3413%
	Elapsed (wall clock) time (h:mm:ss or m:ss): 22:00.80
	Average shared text size (kbytes): 0
	Average unshared data size (kbytes): 0
	Average stack size (kbytes): 0
	Average total size (kbytes): 0
	Maximum resident set size (kbytes): 2246972
	Average resident set size (kbytes): 0
	Major (requiring I/O) page faults: 59
	Minor (reclaiming a frame) page faults: 8001827
	Voluntary context switches: 58509552
	Involuntary context switches: 5707603
	Swaps: 0
	File system inputs: 57553568
	File system outputs: 54349872
	Socket messages sent: 0
	Socket messages received: 0
	Signals delivered: 0
	Page size (bytes): 4096
	Exit status: 0
