--------------------------------------------------------------------------------
RESIDUAL ADAPTER ASSESSMENT
Searching for seed: AGATCGGAAGAGC
--------------------------------------------------------------------------------
Tool                 | R1 Matches      | R2 Matches     
---------------------|-----------------|-----------------
Decompressed in total 11910508137 B in 8.96338 s -> 1328.8 MB/s
Decompressed in total 11565126763 B in 7.47946 s -> 1546.25 MB/s
Trimmomatic          | 66              | 11             
Decompressed in total 12709867481 B in 7.88526 s -> 1611.85 MB/s
Decompressed in total 12708086999 B in 8.30693 s -> 1529.82 MB/s
fastp                | 14              | 52             
Decompressed in total 13241043025 B in 37.5048 s -> 353.049 MB/s
Decompressed in total 13241043025 B in 32.3268 s -> 409.599 MB/s
BBDuk                | 41              | 792            
[Info] Detected a performance problem. Decoding might take longer than necessary. Please consider opening a performance bug report with a reproducing compressed file. Detailed information:
[Info] Found mismatching block. Need offset 1027604485 B 0 b. Look in partition offset: 1027604480 B 0 b. Found possible range: [1027604480 B 0 b, 1027604480 B 0 b]
[Info] Detected a performance problem. Decoding might take longer than necessary. Please consider opening a performance bug report with a reproducing compressed file. Detailed information:
[Info] Found mismatching block. Need offset 2361393152 B 3 b. Look in partition offset: 2361393152 B 0 b. Found possible range: [2361393152 B 0 b, 2361393152 B 0 b]
Decompressed in total 13254840265 B in 38.3616 s -> 345.524 MB/s
Decompressed in total 13254840265 B in 39.1951 s -> 338.176 MB/s
Skewer               | 149             | 1267           
Decompressed in total 13247218388 B in 12.9855 s -> 1020.15 MB/s
Decompressed in total 13244574570 B in 16.7655 s -> 789.99 MB/s
Cutadapt             | 301             | 1363           
RabbitTrim           | 66              | 11             
--------------------------------------------------------------------------------
