INFO: run the subcommand : trimmomatic
INFO: using thread nums : 40
INFO: RabbitTrim: started with arguments: 
trimmomatic --PE --threads 40 --forward /mnt/data/project/2025_trimmomatic/trimmomatic_paper/raw/SRR2052337_1.fastq.gz --reverse /mnt/data/project/2025_trimmomatic/trimmomatic_paper/raw/SRR2052337_2.fastq.gz --output /mnt/data/project/2025_trimmomatic/trimmomatic_paper/analysis/tools_human/rabbit_out --stats /mnt/data/project/2025_trimmomatic/trimmomatic_paper/logs/rabbittrim.stats --steps ILLUMINACLIP:/mnt/bin/trimmomatic/Trimmomatic-0.40/adapters/TruSeq3-PE-2-GGGGG.fa:2:30:10 SLIDINGWINDOW:4:20 MINLEN:36 --compressLevel 1 
[1;31mDEBUG: ======== Thread Assign Result ======== [0m
[1;31mDEBUG: total thread num : 40[0m
[1;31mDEBUG: use pragzip: 1[0m
[1;31mDEBUG: pragzip thread num : 10[0m
[1;31mDEBUG: worker thread num : 30[0m
[1;31mDEBUG: use pigz: 0[0m
[1;31mDEBUG: pigz thread num : 0[0m
[1;31mDEBUG: ======== Thread Assign Result ======== [0m
./pragzip -c -d -P 5 /mnt/data/project/2025_trimmomatic/trimmomatic_paper/raw/SRR2052337_1.fastq.gz 
./pragzip -c -d -P 5 /mnt/data/project/2025_trimmomatic/trimmomatic_paper/raw/SRR2052337_2.fastq.gz 
INFO: Quality encoding detected as phred33
INFO: Using PrefixPair: 'TACACTCTTTCCCTACACGACGCTCTTCCGATCT' and 'GTGACTGGAGTTCAGACGTGTGCTCTTCCGATCT'
INFO: Using Long Clipping Sequence: 'TACACTCTTTCCCTACACGACGCTCTTCCGATCT'
INFO: Using Long Clipping Sequence: 'AGATCGGAAGAGCGTCGTGTAGGGAAAGAGTGTA'
INFO: Using Long Clipping Sequence: 'GTGACTGGAGTTCAGACGTGTGCTCTTCCGATCT'
INFO: Using Long Clipping Sequence: 'AGATCGGAAGAGCACACGTCTGAACTCCAGTCAC'
INFO: Using Long Clipping Sequence: 'GGGGGGGGGGGGGGGGGGGGGGGGGGGGGGGGGG'
INFO: ILLUMINACLIP: Using 1 prefix pairs, 5 forward/reverse sequences, 0 forward only sequences, 0 reverse only sequences
Input files have 4217 chunks 
Time: 57.8322 s
	Command being timed: "/mnt/bin/rabbittrim/RabbitTrim_v2.0.0/build/RabbitTrim trimmomatic --PE --threads 40 --forward /mnt/data/project/2025_trimmomatic/trimmomatic_paper/raw/SRR2052337_1.fastq.gz --reverse /mnt/data/project/2025_trimmomatic/trimmomatic_paper/raw/SRR2052337_2.fastq.gz --output /mnt/data/project/2025_trimmomatic/trimmomatic_paper/analysis/tools_human/rabbit_out --stats /mnt/data/project/2025_trimmomatic/trimmomatic_paper/logs/rabbittrim.stats --steps ILLUMINACLIP:/mnt/bin/trimmomatic/Trimmomatic-0.40/adapters/TruSeq3-PE-2-GGGGG.fa:2:30:10 SLIDINGWINDOW:4:20 MINLEN:36 --compressLevel 1"
	User time (seconds): 1270.14
	System time (seconds): 36.60
	Percent of CPU this job got: 2252%
	Elapsed (wall clock) time (h:mm:ss or m:ss): 0:58.01
	Average shared text size (kbytes): 0
	Average unshared data size (kbytes): 0
	Average stack size (kbytes): 0
	Average total size (kbytes): 0
	Maximum resident set size (kbytes): 2676928
	Average resident set size (kbytes): 0
	Major (requiring I/O) page faults: 140
	Minor (reclaiming a frame) page faults: 4734446
	Voluntary context switches: 1006022
	Involuntary context switches: 2455
	Swaps: 0
	File system inputs: 9160
	File system outputs: 47644552
	Socket messages sent: 0
	Socket messages received: 0
	Signals delivered: 0
	Page size (bytes): 4096
	Exit status: 0
