==========================================================
STARTING PLANT DATASET
==========================================================
>>> Running Trimmomatic | Dataset: Plant | Threads: 4
    Success.
>>> Running fastp | Dataset: Plant | Threads: 4
    Success.
>>> Running RabbitTrim | Dataset: Plant | Threads: 4
    Success.
>>> Running BBDuk | Dataset: Plant | Threads: 4
    Success.
>>> Running skewer | Dataset: Plant | Threads: 4
    Success.
>>> Running Cutadapt | Dataset: Plant | Threads: 4
    Success.
==========================================================
STARTING HUMAN DATASET
==========================================================
>>> Running Trimmomatic | Dataset: Human | Threads: 4
    Success.
>>> Running fastp | Dataset: Human | Threads: 4
    Success.
>>> Running RabbitTrim | Dataset: Human | Threads: 4
    Success.
>>> Running BBDuk | Dataset: Human | Threads: 4
    Success.
>>> Running skewer | Dataset: Human | Threads: 4
    Success.
>>> Running Cutadapt | Dataset: Human | Threads: 4
    Success.
All scaling tests complete.
