TrimmomaticPE: Started with arguments:
 -threads 40 /mnt/data/project/2025_trimmomatic/trimmomatic_paper/raw/MS01_CasR09_R1_001.fastq.gz /mnt/data/project/2025_trimmomatic/trimmomatic_paper/raw/MS01_CasR09_R2_001.fastq.gz /mnt/data/project/2025_trimmomatic/trimmomatic_paper/analysis/tools/trimmomatic_R1.fq.gz /mnt/data/project/2025_trimmomatic/trimmomatic_paper/analysis/tools/trimmomatic_R1_unpaired.fq.gz /mnt/data/project/2025_trimmomatic/trimmomatic_paper/analysis/tools/trimmomatic_R2.fq.gz /mnt/data/project/2025_trimmomatic/trimmomatic_paper/analysis/tools/trimmomatic_R2_unpaired.fq.gz ILLUMINACLIP:/mnt/bin/trimmomatic/Trimmomatic-0.40/adapters/TruSeq3-PE-2-GGGGG.fa:2:30:10 SLIDINGWINDOW:4:20 MINLEN:36
ILLUMINACLIP: Using adapter file from user-specified absolute path: /mnt/bin/trimmomatic/Trimmomatic-0.40/adapters/TruSeq3-PE-2-GGGGG.fa
Using PrefixPair: 'TACACTCTTTCCCTACACGACGCTCTTCCGATCT' and 'GTGACTGGAGTTCAGACGTGTGCTCTTCCGATCT'
Using Long Clipping Sequence: 'AGATCGGAAGAGCGTCGTGTAGGGAAAGAGTGTA'
Using Long Clipping Sequence: 'GGGGGGGGGGGGGGGGGGGGGGGGGGGGGGGGGG'
Using Long Clipping Sequence: 'AGATCGGAAGAGCACACGTCTGAACTCCAGTCAC'
Using Long Clipping Sequence: 'GTGACTGGAGTTCAGACGTGTGCTCTTCCGATCT'
Using Long Clipping Sequence: 'TACACTCTTTCCCTACACGACGCTCTTCCGATCT'
ILLUMINACLIP: Using 1 prefix pairs, 5 forward/reverse sequences, 0 forward only sequences, 0 reverse only sequences
Quality encoding detected as phred33
Input Read Pairs: 184660091 Both Surviving: 175696809 (95.15%) Forward Only Surviving: 5393116 (2.92%) Reverse Only Surviving: 2094365 (1.13%) Dropped: 1475801 (0.80%)
TrimmomaticPE: Completed successfully
	Command being timed: "java -jar /mnt/bin/trimmomatic/Trimmomatic-0.40/trimmomatic-0.40.jar PE -threads 40 /mnt/data/project/2025_trimmomatic/trimmomatic_paper/raw/MS01_CasR09_R1_001.fastq.gz /mnt/data/project/2025_trimmomatic/trimmomatic_paper/raw/MS01_CasR09_R2_001.fastq.gz /mnt/data/project/2025_trimmomatic/trimmomatic_paper/analysis/tools/trimmomatic_R1.fq.gz /mnt/data/project/2025_trimmomatic/trimmomatic_paper/analysis/tools/trimmomatic_R1_unpaired.fq.gz /mnt/data/project/2025_trimmomatic/trimmomatic_paper/analysis/tools/trimmomatic_R2.fq.gz /mnt/data/project/2025_trimmomatic/trimmomatic_paper/analysis/tools/trimmomatic_R2_unpaired.fq.gz ILLUMINACLIP:/mnt/bin/trimmomatic/Trimmomatic-0.40/adapters/TruSeq3-PE-2-GGGGG.fa:2:30:10 SLIDINGWINDOW:4:20 MINLEN:36"
	User time (seconds): 19031.44
	System time (seconds): 627.03
	Percent of CPU this job got: 2999%
	Elapsed (wall clock) time (h:mm:ss or m:ss): 10:55.35
	Average shared text size (kbytes): 0
	Average unshared data size (kbytes): 0
	Average stack size (kbytes): 0
	Average total size (kbytes): 0
	Maximum resident set size (kbytes): 21110924
	Average resident set size (kbytes): 0
	Major (requiring I/O) page faults: 218
	Minor (reclaiming a frame) page faults: 109442369
	Voluntary context switches: 2303148
	Involuntary context switches: 67094
	Swaps: 0
	File system inputs: 6732672
	File system outputs: 48534616
	Socket messages sent: 0
	Socket messages received: 0
	Signals delivered: 0
	Page size (bytes): 4096
	Exit status: 0
