TrimmomaticPE: Started with arguments:
 -threads 40 /mnt/data/project/2025_trimmomatic/trimmomatic_paper/raw/SRR2052337_1.fastq.gz /mnt/data/project/2025_trimmomatic/trimmomatic_paper/raw/SRR2052337_2.fastq.gz /mnt/data/project/2025_trimmomatic/trimmomatic_paper/analysis/tools_human/trimmomatic_R1.fq.gz /mnt/data/project/2025_trimmomatic/trimmomatic_paper/analysis/tools_human/trimmomatic_R1_unpaired.fq.gz /mnt/data/project/2025_trimmomatic/trimmomatic_paper/analysis/tools_human/trimmomatic_R2.fq.gz /mnt/data/project/2025_trimmomatic/trimmomatic_paper/analysis/tools_human/trimmomatic_R2_unpaired.fq.gz ILLUMINACLIP:/mnt/bin/trimmomatic/Trimmomatic-0.40/adapters/TruSeq3-PE-2-GGGGG.fa:2:30:10 SLIDINGWINDOW:4:20 MINLEN:36
ILLUMINACLIP: Using adapter file from user-specified absolute path: /mnt/bin/trimmomatic/Trimmomatic-0.40/adapters/TruSeq3-PE-2-GGGGG.fa
Using PrefixPair: 'TACACTCTTTCCCTACACGACGCTCTTCCGATCT' and 'GTGACTGGAGTTCAGACGTGTGCTCTTCCGATCT'
Using Long Clipping Sequence: 'AGATCGGAAGAGCGTCGTGTAGGGAAAGAGTGTA'
Using Long Clipping Sequence: 'GGGGGGGGGGGGGGGGGGGGGGGGGGGGGGGGGG'
Using Long Clipping Sequence: 'AGATCGGAAGAGCACACGTCTGAACTCCAGTCAC'
Using Long Clipping Sequence: 'GTGACTGGAGTTCAGACGTGTGCTCTTCCGATCT'
Using Long Clipping Sequence: 'TACACTCTTTCCCTACACGACGCTCTTCCGATCT'
ILLUMINACLIP: Using 1 prefix pairs, 5 forward/reverse sequences, 0 forward only sequences, 0 reverse only sequences
Quality encoding detected as phred33
Input Read Pairs: 36423926 Both Surviving: 33315602 (91.47%) Forward Only Surviving: 2683673 (7.37%) Reverse Only Surviving: 232937 (0.64%) Dropped: 191714 (0.53%)
TrimmomaticPE: Completed successfully
	Command being timed: "java -jar /mnt/bin/trimmomatic/Trimmomatic-0.40/trimmomatic-0.40.jar PE -threads 40 /mnt/data/project/2025_trimmomatic/trimmomatic_paper/raw/SRR2052337_1.fastq.gz /mnt/data/project/2025_trimmomatic/trimmomatic_paper/raw/SRR2052337_2.fastq.gz /mnt/data/project/2025_trimmomatic/trimmomatic_paper/analysis/tools_human/trimmomatic_R1.fq.gz /mnt/data/project/2025_trimmomatic/trimmomatic_paper/analysis/tools_human/trimmomatic_R1_unpaired.fq.gz /mnt/data/project/2025_trimmomatic/trimmomatic_paper/analysis/tools_human/trimmomatic_R2.fq.gz /mnt/data/project/2025_trimmomatic/trimmomatic_paper/analysis/tools_human/trimmomatic_R2_unpaired.fq.gz ILLUMINACLIP:/mnt/bin/trimmomatic/Trimmomatic-0.40/adapters/TruSeq3-PE-2-GGGGG.fa:2:30:10 SLIDINGWINDOW:4:20 MINLEN:36"
	User time (seconds): 3788.13
	System time (seconds): 169.61
	Percent of CPU this job got: 2985%
	Elapsed (wall clock) time (h:mm:ss or m:ss): 2:12.58
	Average shared text size (kbytes): 0
	Average unshared data size (kbytes): 0
	Average stack size (kbytes): 0
	Average total size (kbytes): 0
	Maximum resident set size (kbytes): 24025620
	Average resident set size (kbytes): 0
	Major (requiring I/O) page faults: 373
	Minor (reclaiming a frame) page faults: 35252369
	Voluntary context switches: 468179
	Involuntary context switches: 25558
	Swaps: 0
	File system inputs: 16429144
	File system outputs: 14373440
	Socket messages sent: 0
	Socket messages received: 0
	Signals delivered: 0
	Page size (bytes): 4096
	Exit status: 0
