java -ea  --add-modules jdk.incubator.vector -Xmx219995m -Xms219995m -cp /mnt/bin/bbmap/bbmap-v39.52-conda/opt/bbmap-39.52-0/current/ jgi.BBDuk threads=4 ordered=f in=/mnt/data/project/2025_trimmomatic/trimmomatic_paper/raw/SRR2052337_1.fastq.gz in2=/mnt/data/project/2025_trimmomatic/trimmomatic_paper/raw/SRR2052337_2.fastq.gz out=/mnt/data/project/2025_trimmomatic/trimmomatic_paper/analysis/scaling_uncompressed/Human_BBDuk_4t_R1.fq out2=/mnt/data/project/2025_trimmomatic/trimmomatic_paper/analysis/scaling_uncompressed/Human_BBDuk_4t_R2.fq ref=/mnt/bin/trimmomatic/Trimmomatic-0.40/adapters/TruSeq3-PE-2-GGGGG.fa ktrim=r k=23 mink=11 hdist=1 tpe tbo
WARNING: Using incubator modules: jdk.incubator.vector
Executing jgi.BBDuk [threads=4, ordered=f, in=/mnt/data/project/2025_trimmomatic/trimmomatic_paper/raw/SRR2052337_1.fastq.gz, in2=/mnt/data/project/2025_trimmomatic/trimmomatic_paper/raw/SRR2052337_2.fastq.gz, out=/mnt/data/project/2025_trimmomatic/trimmomatic_paper/analysis/scaling_uncompressed/Human_BBDuk_4t_R1.fq, out2=/mnt/data/project/2025_trimmomatic/trimmomatic_paper/analysis/scaling_uncompressed/Human_BBDuk_4t_R2.fq, ref=/mnt/bin/trimmomatic/Trimmomatic-0.40/adapters/TruSeq3-PE-2-GGGGG.fa, ktrim=r, k=23, mink=11, hdist=1, tpe, tbo]
Version 39.52

maskMiddle was disabled because useShortKmers=true
Allocating kmer table: 	0.034 seconds.
Initial:
Memory: max=230686m, total=230686m, free=230517m, used=169m

Added 4663 kmers; time: 	0.093 seconds.
Memory: max=230686m, total=230686m, free=230366m, used=320m

Input is being processed as paired
Started output streams:	0.025 seconds.
Processing time:   		388.706 seconds.

Input:                  	72847852 reads 		10781482096 bases.
KTrimmed:               	434508 reads (0.60%) 	19320408 bases (0.18%)
Trimmed by overlap:     	135820 reads (0.19%) 	4169084 bases (0.04%)
Total Removed:          	16994 reads (0.02%) 	23489492 bases (0.22%)
Result:                 	72830858 reads (99.98%) 	10757992604 bases (99.78%)

Time:                         	388.828 seconds.
Reads Processed:      72847k 	187.35k reads/sec
Bases Processed:      10781m 	27.73m bases/sec
	Command being timed: "bbduk.sh threads=4 ordered=f in=/mnt/data/project/2025_trimmomatic/trimmomatic_paper/raw/SRR2052337_1.fastq.gz in2=/mnt/data/project/2025_trimmomatic/trimmomatic_paper/raw/SRR2052337_2.fastq.gz out=/mnt/data/project/2025_trimmomatic/trimmomatic_paper/analysis/scaling_uncompressed/Human_BBDuk_4t_R1.fq out2=/mnt/data/project/2025_trimmomatic/trimmomatic_paper/analysis/scaling_uncompressed/Human_BBDuk_4t_R2.fq ref=/mnt/bin/trimmomatic/Trimmomatic-0.40/adapters/TruSeq3-PE-2-GGGGG.fa ktrim=r k=23 mink=11 hdist=1 tpe tbo"
	User time (seconds): 1733.35
	System time (seconds): 108.02
	Percent of CPU this job got: 471%
	Elapsed (wall clock) time (h:mm:ss or m:ss): 6:30.39
	Average shared text size (kbytes): 0
	Average unshared data size (kbytes): 0
	Average stack size (kbytes): 0
	Average total size (kbytes): 0
	Maximum resident set size (kbytes): 11889316
	Average resident set size (kbytes): 0
	Major (requiring I/O) page faults: 149
	Minor (reclaiming a frame) page faults: 15492121
	Voluntary context switches: 1518900
	Involuntary context switches: 3765
	Swaps: 0
	File system inputs: 1232
	File system outputs: 51724168
	Socket messages sent: 0
	Socket messages received: 0
	Signals delivered: 0
	Page size (bytes): 4096
	Exit status: 0
