INFO: run the subcommand : trimmomatic
INFO: using thread nums : 4
INFO: RabbitTrim: started with arguments: 
trimmomatic --PE --threads 4 --forward /mnt/data/project/2025_trimmomatic/trimmomatic_paper/raw/SRR2052337_1.fastq.gz --reverse /mnt/data/project/2025_trimmomatic/trimmomatic_paper/raw/SRR2052337_2.fastq.gz --output /mnt/data/project/2025_trimmomatic/trimmomatic_paper/analysis/scaling_uncompressed/Human_RabbitTrim_4t_out --stats /mnt/data/project/2025_trimmomatic/trimmomatic_paper/logs/scaling_uncompressed/Human_RabbitTrim_4t.stats --steps ILLUMINACLIP:/mnt/bin/trimmomatic/Trimmomatic-0.40/adapters/TruSeq3-PE-2-GGGGG.fa:2:30:10 SLIDINGWINDOW:4:20 MINLEN:36 
[1;31mDEBUG: ======== Thread Assign Result ======== [0m
[1;31mDEBUG: total thread num : 4[0m
[1;31mDEBUG: use pragzip: 0[0m
[1;31mDEBUG: pragzip thread num : 0[0m
[1;31mDEBUG: worker thread num : 3[0m
[1;31mDEBUG: use pigz: 0[0m
[1;31mDEBUG: pigz thread num : 0[0m
[1;31mDEBUG: ======== Thread Assign Result ======== [0m
INFO: Quality encoding detected as phred33
INFO: Using PrefixPair: 'TACACTCTTTCCCTACACGACGCTCTTCCGATCT' and 'GTGACTGGAGTTCAGACGTGTGCTCTTCCGATCT'
INFO: Using Long Clipping Sequence: 'TACACTCTTTCCCTACACGACGCTCTTCCGATCT'
INFO: Using Long Clipping Sequence: 'AGATCGGAAGAGCGTCGTGTAGGGAAAGAGTGTA'
INFO: Using Long Clipping Sequence: 'GTGACTGGAGTTCAGACGTGTGCTCTTCCGATCT'
INFO: Using Long Clipping Sequence: 'AGATCGGAAGAGCACACGTCTGAACTCCAGTCAC'
INFO: Using Long Clipping Sequence: 'GGGGGGGGGGGGGGGGGGGGGGGGGGGGGGGGGG'
INFO: ILLUMINACLIP: Using 1 prefix pairs, 5 forward/reverse sequences, 0 forward only sequences, 0 reverse only sequences
Input files have 4217 chunks 
Time: 134.318 s
	Command being timed: "/mnt/bin/rabbittrim/RabbitTrim_v2.0.0/build/RabbitTrim trimmomatic --PE --threads 4 --forward /mnt/data/project/2025_trimmomatic/trimmomatic_paper/raw/SRR2052337_1.fastq.gz --reverse /mnt/data/project/2025_trimmomatic/trimmomatic_paper/raw/SRR2052337_2.fastq.gz --output /mnt/data/project/2025_trimmomatic/trimmomatic_paper/analysis/scaling_uncompressed/Human_RabbitTrim_4t_out --stats /mnt/data/project/2025_trimmomatic/trimmomatic_paper/logs/scaling_uncompressed/Human_RabbitTrim_4t.stats --steps ILLUMINACLIP:/mnt/bin/trimmomatic/Trimmomatic-0.40/adapters/TruSeq3-PE-2-GGGGG.fa:2:30:10 SLIDINGWINDOW:4:20 MINLEN:36"
	User time (seconds): 450.82
	System time (seconds): 43.05
	Percent of CPU this job got: 367%
	Elapsed (wall clock) time (h:mm:ss or m:ss): 2:14.50
	Average shared text size (kbytes): 0
	Average unshared data size (kbytes): 0
	Average stack size (kbytes): 0
	Average total size (kbytes): 0
	Maximum resident set size (kbytes): 1718632
	Average resident set size (kbytes): 0
	Major (requiring I/O) page faults: 0
	Minor (reclaiming a frame) page faults: 5224615
	Voluntary context switches: 91246
	Involuntary context switches: 1485
	Swaps: 0
	File system inputs: 0
	File system outputs: 47644664
	Socket messages sent: 0
	Socket messages received: 0
	Signals delivered: 0
	Page size (bytes): 4096
	Exit status: 0
