Read1 before filtering:
total reads: 36423926
total bases: 5390741048
Q20 bases: 5304733414(98.4045%)
Q30 bases: 5116346613(94.9099%)
Q40 bases: 1530930936(28.3993%)

Read2 before filtering:
total reads: 36423926
total bases: 5390741048
Q20 bases: 5079751107(94.231%)
Q30 bases: 4679888422(86.8135%)
Q40 bases: 1283114411(23.8022%)

Read1 after filtering:
total reads: 35039816
total bases: 5160409023
Q20 bases: 5101737999(98.8631%)
Q30 bases: 4947007532(95.8646%)
Q40 bases: 1504319294(29.1512%)

Read2 after filtering:
total reads: 35039816
total bases: 5159518371
Q20 bases: 4984061666(96.5994%)
Q30 bases: 4634740992(89.8289%)
Q40 bases: 1276074678(24.7324%)

Filtering result:
reads passed filter: 70079632
reads failed due to low quality: 2739376
reads failed due to too many N: 24918
reads failed due to too short: 2636
reads failed due to adapter dimer: 1290
reads with adapter trimmed: 1406179
bases trimmed due to adapters: 53249992

Duplication rate: 0.011756%

Insert size peak (evaluated by paired-end reads): 265

JSON report: /mnt/data/project/2025_trimmomatic/trimmomatic_paper/analysis/scaling_extended_fastp3/Human_fastp-v1.3.3-adapters_1t.stress.json
HTML report: /mnt/data/project/2025_trimmomatic/trimmomatic_paper/analysis/scaling_extended_fastp3/Human_fastp-v1.3.3-adapters_1t.stress.html

fastp --thread 1 -i /mnt/data/project/2025_trimmomatic/trimmomatic_paper/raw/SRR2052337_1.fastq.gz -I /mnt/data/project/2025_trimmomatic/trimmomatic_paper/raw/SRR2052337_2.fastq.gz -o /mnt/data/project/2025_trimmomatic/trimmomatic_paper/analysis/scaling_extended_fastp3/Human_fastp-v1.3.3-adapters_1t_R1.fq.gz -O /mnt/data/project/2025_trimmomatic/trimmomatic_paper/analysis/scaling_extended_fastp3/Human_fastp-v1.3.3-adapters_1t_R2.fq.gz --compression 6 --adapter_fasta /mnt/bin/trimmomatic/Trimmomatic-0.40/adapters/TruSeq3-PE-2-GGGGG.fa --json /mnt/data/project/2025_trimmomatic/trimmomatic_paper/analysis/scaling_extended_fastp3/Human_fastp-v1.3.3-adapters_1t.stress.json --html /mnt/data/project/2025_trimmomatic/trimmomatic_paper/analysis/scaling_extended_fastp3/Human_fastp-v1.3.3-adapters_1t.stress.html 
fastp v1.3.3, time used: 2009 seconds
	Command being timed: "fastp --thread 1 -i /mnt/data/project/2025_trimmomatic/trimmomatic_paper/raw/SRR2052337_1.fastq.gz -I /mnt/data/project/2025_trimmomatic/trimmomatic_paper/raw/SRR2052337_2.fastq.gz -o /mnt/data/project/2025_trimmomatic/trimmomatic_paper/analysis/scaling_extended_fastp3/Human_fastp-v1.3.3-adapters_1t_R1.fq.gz -O /mnt/data/project/2025_trimmomatic/trimmomatic_paper/analysis/scaling_extended_fastp3/Human_fastp-v1.3.3-adapters_1t_R2.fq.gz --compression 6 --adapter_fasta /mnt/bin/trimmomatic/Trimmomatic-0.40/adapters/TruSeq3-PE-2-GGGGG.fa --json /mnt/data/project/2025_trimmomatic/trimmomatic_paper/analysis/scaling_extended_fastp3/Human_fastp-v1.3.3-adapters_1t.stress.json --html /mnt/data/project/2025_trimmomatic/trimmomatic_paper/analysis/scaling_extended_fastp3/Human_fastp-v1.3.3-adapters_1t.stress.html"
	User time (seconds): 2635.61
	System time (seconds): 31.45
	Percent of CPU this job got: 132%
	Elapsed (wall clock) time (h:mm:ss or m:ss): 33:29.46
	Average shared text size (kbytes): 0
	Average unshared data size (kbytes): 0
	Average stack size (kbytes): 0
	Average total size (kbytes): 0
	Maximum resident set size (kbytes): 1176664
	Average resident set size (kbytes): 0
	Major (requiring I/O) page faults: 0
	Minor (reclaiming a frame) page faults: 11277331
	Voluntary context switches: 26756563
	Involuntary context switches: 7310
	Swaps: 0
	File system inputs: 0
	File system outputs: 15401672
	Socket messages sent: 0
	Socket messages received: 0
	Signals delivered: 0
	Page size (bytes): 4096
	Exit status: 0
