Read1 before filtering:
total reads: 184660091
total bases: 27001062026
Q20 bases: 26170051062(96.9223%)
Q30 bases: 24692130507(91.4487%)
Q40 bases: 0(0%)

Read2 before filtering:
total reads: 184660091
total bases: 27060597432
Q20 bases: 25799479843(95.3397%)
Q30 bases: 23887892974(88.2756%)
Q40 bases: 0(0%)

Read1 after filtering:
total reads: 183092311
total bases: 26792855527
Q20 bases: 26017094462(97.1046%)
Q30 bases: 24561953255(91.6735%)
Q40 bases: 0(0%)

Read2 after filtering:
total reads: 183092311
total bases: 26791503543
Q20 bases: 25636557350(95.6891%)
Q30 bases: 23760828898(88.6879%)
Q40 bases: 0(0%)

Filtering result:
reads passed filter: 366184622
reads failed due to low quality: 2886960
reads failed due to too many N: 62018
reads failed due to too short: 166806
reads failed due to adapter dimer: 19776
reads with adapter trimmed: 4341564
bases trimmed due to adapters: 75729578

Duplication rate: 7.57493%

Insert size peak (evaluated by paired-end reads): 202

JSON report: /mnt/data/project/2025_trimmomatic/trimmomatic_paper/analysis/scaling_extended_fastp3/Plant_fastp-v1.3.3-adapters_40t.stress.json
HTML report: /mnt/data/project/2025_trimmomatic/trimmomatic_paper/analysis/scaling_extended_fastp3/Plant_fastp-v1.3.3-adapters_40t.stress.html

fastp --thread 40 -i /mnt/data/project/2025_trimmomatic/trimmomatic_paper/raw/MS01_CasR09_R1_001.fastq.gz -I /mnt/data/project/2025_trimmomatic/trimmomatic_paper/raw/MS01_CasR09_R2_001.fastq.gz -o /mnt/data/project/2025_trimmomatic/trimmomatic_paper/analysis/scaling_extended_fastp3/Plant_fastp-v1.3.3-adapters_40t_R1.fq.gz -O /mnt/data/project/2025_trimmomatic/trimmomatic_paper/analysis/scaling_extended_fastp3/Plant_fastp-v1.3.3-adapters_40t_R2.fq.gz --compression 6 --adapter_fasta /mnt/bin/trimmomatic/Trimmomatic-0.40/adapters/TruSeq3-PE-2-GGGGG.fa --json /mnt/data/project/2025_trimmomatic/trimmomatic_paper/analysis/scaling_extended_fastp3/Plant_fastp-v1.3.3-adapters_40t.stress.json --html /mnt/data/project/2025_trimmomatic/trimmomatic_paper/analysis/scaling_extended_fastp3/Plant_fastp-v1.3.3-adapters_40t.stress.html 
fastp v1.3.3, time used: 1157 seconds
	Command being timed: "fastp --thread 40 -i /mnt/data/project/2025_trimmomatic/trimmomatic_paper/raw/MS01_CasR09_R1_001.fastq.gz -I /mnt/data/project/2025_trimmomatic/trimmomatic_paper/raw/MS01_CasR09_R2_001.fastq.gz -o /mnt/data/project/2025_trimmomatic/trimmomatic_paper/analysis/scaling_extended_fastp3/Plant_fastp-v1.3.3-adapters_40t_R1.fq.gz -O /mnt/data/project/2025_trimmomatic/trimmomatic_paper/analysis/scaling_extended_fastp3/Plant_fastp-v1.3.3-adapters_40t_R2.fq.gz --compression 6 --adapter_fasta /mnt/bin/trimmomatic/Trimmomatic-0.40/adapters/TruSeq3-PE-2-GGGGG.fa --json /mnt/data/project/2025_trimmomatic/trimmomatic_paper/analysis/scaling_extended_fastp3/Plant_fastp-v1.3.3-adapters_40t.stress.json --html /mnt/data/project/2025_trimmomatic/trimmomatic_paper/analysis/scaling_extended_fastp3/Plant_fastp-v1.3.3-adapters_40t.stress.html"
	User time (seconds): 16390.42
	System time (seconds): 2195.52
	Percent of CPU this job got: 1605%
	Elapsed (wall clock) time (h:mm:ss or m:ss): 19:17.73
	Average shared text size (kbytes): 0
	Average unshared data size (kbytes): 0
	Average stack size (kbytes): 0
	Average total size (kbytes): 0
	Maximum resident set size (kbytes): 1962680
	Average resident set size (kbytes): 0
	Major (requiring I/O) page faults: 25
	Minor (reclaiming a frame) page faults: 4584303
	Voluntary context switches: 215421610
	Involuntary context switches: 11867
	Swaps: 0
	File system inputs: 0
	File system outputs: 52481520
	Socket messages sent: 0
	Socket messages received: 0
	Signals delivered: 0
	Page size (bytes): 4096
	Exit status: 0
